

Processing IndexController#index (for 127.0.0.1 at 2009-08-22 21:15:38) [GET]
  Session ID: 95705a8d49f82fc9133f39098849c12b
  Parameters: {"action"=>"index", "controller"=>"index"}
Rendering index/index
Completed in 0.02114 (47 reqs/sec) | Rendering: 0.01412 (66%) | DB: 0.00000 (0%) | 200 OK [http://localhost/index]


Processing IndexController#index (for 127.0.0.1 at 2009-08-22 21:16:31) [GET]
  Session ID: BAh7BiIKZmxhc2hJQzonQWN0aW9uQ29udHJvbGxlcjo6Rmxhc2g6OkZsYXNo
SGFzaHsABjoKQHVzZWR7AA==--c5ae9cc48fe0c4f6ce7322b3718da363c0568d50
  Parameters: {"action"=>"index", "controller"=>"index"}
Rendering index/index
Completed in 0.00746 (133 reqs/sec) | Rendering: 0.00105 (14%) | DB: 0.00000 (0%) | 200 OK [http://localhost/index]


Processing IndexController#index (for 127.0.0.1 at 2009-08-22 21:16:33) [GET]
  Session ID: BAh7BiIKZmxhc2hJQzonQWN0aW9uQ29udHJvbGxlcjo6Rmxhc2g6OkZsYXNo
SGFzaHsABjoKQHVzZWR7AA==--c5ae9cc48fe0c4f6ce7322b3718da363c0568d50
  Parameters: {"action"=>"index", "controller"=>"index"}
Rendering index/index
Completed in 0.01020 (98 reqs/sec) | Rendering: 0.00094 (9%) | DB: 0.00000 (0%) | 200 OK [http://localhost/index]


Processing IndexController#index (for 127.0.0.1 at 2009-08-22 21:17:13) [GET]
  Session ID: BAh7BiIKZmxhc2hJQzonQWN0aW9uQ29udHJvbGxlcjo6Rmxhc2g6OkZsYXNo
SGFzaHsABjoKQHVzZWR7AA==--c5ae9cc48fe0c4f6ce7322b3718da363c0568d50
  Parameters: {"action"=>"index", "controller"=>"index"}
Rendering index/index
Completed in 0.00999 (100 reqs/sec) | Rendering: 0.00099 (9%) | DB: 0.00000 (0%) | 200 OK [http://localhost/index]


Processing IndexController#index (for 127.0.0.1 at 2009-08-22 21:17:47) [GET]
  Session ID: BAh7BiIKZmxhc2hJQzonQWN0aW9uQ29udHJvbGxlcjo6Rmxhc2g6OkZsYXNo
SGFzaHsABjoKQHVzZWR7AA==--c5ae9cc48fe0c4f6ce7322b3718da363c0568d50
  Parameters: {"action"=>"index", "controller"=>"index"}
Rendering index/index
Completed in 0.01617 (61 reqs/sec) | Rendering: 0.00099 (6%) | DB: 0.00000 (0%) | 200 OK [http://localhost/index]


Processing IndexController#index (for 127.0.0.1 at 2009-08-22 21:17:48) [GET]
  Session ID: BAh7BiIKZmxhc2hJQzonQWN0aW9uQ29udHJvbGxlcjo6Rmxhc2g6OkZsYXNo
SGFzaHsABjoKQHVzZWR7AA==--c5ae9cc48fe0c4f6ce7322b3718da363c0568d50
  Parameters: {"action"=>"index", "controller"=>"index"}
Rendering index/index
Completed in 0.01031 (96 reqs/sec) | Rendering: 0.00100 (9%) | DB: 0.00000 (0%) | 200 OK [http://localhost/index]


Processing IndexController#index (for 127.0.0.1 at 2009-08-22 21:17:49) [GET]
  Session ID: BAh7BiIKZmxhc2hJQzonQWN0aW9uQ29udHJvbGxlcjo6Rmxhc2g6OkZsYXNo
SGFzaHsABjoKQHVzZWR7AA==--c5ae9cc48fe0c4f6ce7322b3718da363c0568d50
  Parameters: {"action"=>"index", "controller"=>"index"}
Rendering index/index
Completed in 0.01207 (82 reqs/sec) | Rendering: 0.00198 (16%) | DB: 0.00000 (0%) | 200 OK [http://localhost/index]


Processing IndexController#index (for 127.0.0.1 at 2009-08-22 21:58:39) [GET]
  Session ID: BAh7BiIKZmxhc2hJQzonQWN0aW9uQ29udHJvbGxlcjo6Rmxhc2g6OkZsYXNo
SGFzaHsABjoKQHVzZWR7AA==--c5ae9cc48fe0c4f6ce7322b3718da363c0568d50
  Parameters: {"action"=>"index", "controller"=>"index"}
Rendering index/index
Completed in 0.01761 (56 reqs/sec) | Rendering: 0.01092 (61%) | DB: 0.00000 (0%) | 200 OK [http://localhost/index]


Processing IndexController#index (for 127.0.0.1 at 2009-08-22 21:59:20) [GET]
  Session ID: BAh7BiIKZmxhc2hJQzonQWN0aW9uQ29udHJvbGxlcjo6Rmxhc2g6OkZsYXNo
SGFzaHsABjoKQHVzZWR7AA==--c5ae9cc48fe0c4f6ce7322b3718da363c0568d50
  Parameters: {"action"=>"index", "controller"=>"index"}
Rendering template within layouts/index
Rendering index/index


ActionView::MissingTemplate (Missing layout layouts/index.html.erb in view path /home/andrew/Desktop/fulltryruby/tryruby/app/views):
    /vendor/rails/actionpack/lib/action_view/template.rb:85:in `raise_missing_template_exception'
    /vendor/rails/actionpack/lib/action_view/template.rb:78:in `set_extension_and_file_name'
    /vendor/rails/actionpack/lib/action_view/template.rb:15:in `initialize'
    /vendor/rails/actionpack/lib/action_view/base.rb:245:in `new'
    /vendor/rails/actionpack/lib/action_view/base.rb:245:in `render_file'
    /vendor/rails/actionpack/lib/action_controller/layout.rb:257:in `render_without_benchmark'
    /vendor/rails/actionpack/lib/action_controller/benchmarking.rb:51:in `render'
    /vendor/rails/activesupport/lib/active_support/core_ext/benchmark.rb:8:in `realtime'
    /vendor/rails/actionpack/lib/action_controller/benchmarking.rb:51:in `render'
    /vendor/rails/actionpack/lib/action_controller/base.rb:1157:in `default_render'
    /vendor/rails/actionpack/lib/action_controller/base.rb:1168:in `perform_action_without_filters'
    /vendor/rails/actionpack/lib/action_controller/filters.rb:580:in `call_filters'
    /vendor/rails/actionpack/lib/action_controller/filters.rb:573:in `perform_action_without_benchmark'
    /vendor/rails/actionpack/lib/action_controller/benchmarking.rb:68:in `perform_action_without_rescue'
    /usr/lib/ruby/1.8/benchmark.rb:293:in `measure'
    /vendor/rails/actionpack/lib/action_controller/benchmarking.rb:68:in `perform_action_without_rescue'
    /vendor/rails/actionpack/lib/action_controller/rescue.rb:201:in `perform_action_without_caching'
    /vendor/rails/actionpack/lib/action_controller/caching/sql_cache.rb:13:in `perform_action'
    /vendor/rails/activerecord/lib/active_record/connection_adapters/abstract/query_cache.rb:33:in `cache'
    /vendor/rails/activerecord/lib/active_record/query_cache.rb:8:in `cache'
    /vendor/rails/actionpack/lib/action_controller/caching/sql_cache.rb:12:in `perform_action'
    /vendor/rails/actionpack/lib/action_controller/base.rb:529:in `send'
    /vendor/rails/actionpack/lib/action_controller/base.rb:529:in `process_without_filters'
    /vendor/rails/actionpack/lib/action_controller/filters.rb:569:in `process_without_session_management_support'
    /vendor/rails/actionpack/lib/action_controller/session_management.rb:130:in `process'
    /vendor/rails/actionpack/lib/action_controller/base.rb:389:in `process'
    /vendor/rails/actionpack/lib/action_controller/dispatcher.rb:149:in `handle_request'
    /vendor/rails/actionpack/lib/action_controller/dispatcher.rb:107:in `dispatch'
    /vendor/rails/actionpack/lib/action_controller/dispatcher.rb:104:in `synchronize'
    /vendor/rails/actionpack/lib/action_controller/dispatcher.rb:104:in `dispatch'
    /vendor/rails/actionpack/lib/action_controller/dispatcher.rb:120:in `dispatch_cgi'
    /vendor/rails/actionpack/lib/action_controller/dispatcher.rb:35:in `dispatch'
    /var/lib/gems/1.8/gems/mongrel-1.1.5/bin/../lib/mongrel/rails.rb:76:in `process'
    /var/lib/gems/1.8/gems/mongrel-1.1.5/bin/../lib/mongrel/rails.rb:74:in `synchronize'
    /var/lib/gems/1.8/gems/mongrel-1.1.5/bin/../lib/mongrel/rails.rb:74:in `process'
    /var/lib/gems/1.8/gems/mongrel-1.1.5/lib/mongrel.rb:159:in `process_client'
    /var/lib/gems/1.8/gems/mongrel-1.1.5/lib/mongrel.rb:158:in `each'
    /var/lib/gems/1.8/gems/mongrel-1.1.5/lib/mongrel.rb:158:in `process_client'
    /var/lib/gems/1.8/gems/mongrel-1.1.5/lib/mongrel.rb:285:in `run'
    /var/lib/gems/1.8/gems/mongrel-1.1.5/lib/mongrel.rb:285:in `initialize'
    /var/lib/gems/1.8/gems/mongrel-1.1.5/lib/mongrel.rb:285:in `new'
    /var/lib/gems/1.8/gems/mongrel-1.1.5/lib/mongrel.rb:285:in `run'
    /var/lib/gems/1.8/gems/mongrel-1.1.5/lib/mongrel.rb:268:in `initialize'
    /var/lib/gems/1.8/gems/mongrel-1.1.5/lib/mongrel.rb:268:in `new'
    /var/lib/gems/1.8/gems/mongrel-1.1.5/lib/mongrel.rb:268:in `run'
    /var/lib/gems/1.8/gems/mongrel-1.1.5/lib/mongrel/configurator.rb:282:in `run'
    /var/lib/gems/1.8/gems/mongrel-1.1.5/lib/mongrel/configurator.rb:281:in `each'
    /var/lib/gems/1.8/gems/mongrel-1.1.5/lib/mongrel/configurator.rb:281:in `run'
    /var/lib/gems/1.8/gems/mongrel-1.1.5/bin/mongrel_rails:128:in `run'
    /var/lib/gems/1.8/gems/mongrel-1.1.5/lib/mongrel/command.rb:212:in `run'
    /var/lib/gems/1.8/gems/mongrel-1.1.5/bin/mongrel_rails:281
    /vendor/rails/activesupport/lib/active_support/dependencies.rb:502:in `load'
    /vendor/rails/activesupport/lib/active_support/dependencies.rb:502:in `load'
    /vendor/rails/activesupport/lib/active_support/dependencies.rb:354:in `new_constants_in'
    /vendor/rails/activesupport/lib/active_support/dependencies.rb:502:in `load'
    /vendor/rails/railties/lib/commands/servers/mongrel.rb:64
    /usr/lib/ruby/1.8/rubygems/custom_require.rb:31:in `gem_original_require'
    /usr/lib/ruby/1.8/rubygems/custom_require.rb:31:in `require'
    /vendor/rails/activesupport/lib/active_support/dependencies.rb:509:in `require'
    /vendor/rails/activesupport/lib/active_support/dependencies.rb:354:in `new_constants_in'
    /vendor/rails/activesupport/lib/active_support/dependencies.rb:509:in `require'
    /vendor/rails/railties/lib/commands/server.rb:39
    /usr/lib/ruby/1.8/rubygems/custom_require.rb:31:in `gem_original_require'
    /usr/lib/ruby/1.8/rubygems/custom_require.rb:31:in `require'
    script/server:3

Rendering /home/andrew/Desktop/fulltryruby/tryruby/vendor/rails/actionpack/lib/action_controller/templates/rescues/layout.erb (internal_server_error)


Processing IndexController#index (for 127.0.0.1 at 2009-08-22 21:59:48) [GET]
  Session ID: BAh7BiIKZmxhc2hJQzonQWN0aW9uQ29udHJvbGxlcjo6Rmxhc2g6OkZsYXNo
SGFzaHsABjoKQHVzZWR7AA==--c5ae9cc48fe0c4f6ce7322b3718da363c0568d50
  Parameters: {"action"=>"index", "controller"=>"index"}
Rendering template within layouts/index
Rendering index/index
Completed in 0.02376 (42 reqs/sec) | Rendering: 0.01436 (60%) | DB: 0.00000 (0%) | 200 OK [http://localhost/index]


Processing IndexController#index (for 127.0.0.1 at 2009-08-22 21:59:54) [GET]
  Session ID: BAh7BiIKZmxhc2hJQzonQWN0aW9uQ29udHJvbGxlcjo6Rmxhc2g6OkZsYXNo
SGFzaHsABjoKQHVzZWR7AA==--c5ae9cc48fe0c4f6ce7322b3718da363c0568d50
  Parameters: {"action"=>"index", "controller"=>"index"}
Rendering template within layouts/index
Rendering index/index
Completed in 0.00832 (120 reqs/sec) | Rendering: 0.00149 (17%) | DB: 0.00000 (0%) | 200 OK [http://localhost/index]


Processing IndexController#index (for 127.0.0.1 at 2009-08-22 22:03:46) [GET]
  Session ID: BAh7BiIKZmxhc2hJQzonQWN0aW9uQ29udHJvbGxlcjo6Rmxhc2g6OkZsYXNo
SGFzaHsABjoKQHVzZWR7AA==--c5ae9cc48fe0c4f6ce7322b3718da363c0568d50
  Parameters: {"action"=>"index", "controller"=>"index"}
Rendering template within layouts/index
Rendering index/index
Completed in 0.00916 (109 reqs/sec) | Rendering: 0.00152 (16%) | DB: 0.00000 (0%) | 200 OK [http://localhost/index]


Processing IndexController#index (for 127.0.0.1 at 2009-08-22 22:04:16) [GET]
  Session ID: BAh7BiIKZmxhc2hJQzonQWN0aW9uQ29udHJvbGxlcjo6Rmxhc2g6OkZsYXNo
SGFzaHsABjoKQHVzZWR7AA==--c5ae9cc48fe0c4f6ce7322b3718da363c0568d50
  Parameters: {"action"=>"index", "controller"=>"index"}
Rendering template within layouts/index
Rendering index/index
Completed in 0.02128 (46 reqs/sec) | Rendering: 0.01331 (62%) | DB: 0.00000 (0%) | 200 OK [http://localhost/index]


Processing IndexController#index (for 127.0.0.1 at 2009-08-22 22:05:27) [GET]
  Session ID: BAh7BiIKZmxhc2hJQzonQWN0aW9uQ29udHJvbGxlcjo6Rmxhc2g6OkZsYXNo
SGFzaHsABjoKQHVzZWR7AA==--c5ae9cc48fe0c4f6ce7322b3718da363c0568d50
  Parameters: {"action"=>"index", "controller"=>"index"}
Rendering template within layouts/index
Rendering index/index
Completed in 0.02221 (45 reqs/sec) | Rendering: 0.01505 (67%) | DB: 0.00000 (0%) | 200 OK [http://localhost/index]


Processing ApplicationController#index (for 127.0.0.1 at 2009-08-22 22:05:27) [GET]
  Session ID: BAh7BiIKZmxhc2hJQzonQWN0aW9uQ29udHJvbGxlcjo6Rmxhc2g6OkZsYXNo
SGFzaHsABjoKQHVzZWR7AA==--c5ae9cc48fe0c4f6ce7322b3718da363c0568d50
  Parameters: {}


ActionController::RoutingError (No route matches "/images/tile.png" with {:method=>:get}):
    /vendor/rails/actionpack/lib/action_controller/routing/recognition_optimisation.rb:67:in `recognize_path'
    /vendor/rails/actionpack/lib/action_controller/routing/route_set.rb:384:in `recognize'
    /vendor/rails/actionpack/lib/action_controller/dispatcher.rb:148:in `handle_request'
    /vendor/rails/actionpack/lib/action_controller/dispatcher.rb:107:in `dispatch'
    /vendor/rails/actionpack/lib/action_controller/dispatcher.rb:104:in `synchronize'
    /vendor/rails/actionpack/lib/action_controller/dispatcher.rb:104:in `dispatch'
    /vendor/rails/actionpack/lib/action_controller/dispatcher.rb:120:in `dispatch_cgi'
    /vendor/rails/actionpack/lib/action_controller/dispatcher.rb:35:in `dispatch'
    /var/lib/gems/1.8/gems/mongrel-1.1.5/bin/../lib/mongrel/rails.rb:76:in `process'
    /var/lib/gems/1.8/gems/mongrel-1.1.5/bin/../lib/mongrel/rails.rb:74:in `synchronize'
    /var/lib/gems/1.8/gems/mongrel-1.1.5/bin/../lib/mongrel/rails.rb:74:in `process'
    /var/lib/gems/1.8/gems/mongrel-1.1.5/lib/mongrel.rb:159:in `process_client'
    /var/lib/gems/1.8/gems/mongrel-1.1.5/lib/mongrel.rb:158:in `each'
    /var/lib/gems/1.8/gems/mongrel-1.1.5/lib/mongrel.rb:158:in `process_client'
    /var/lib/gems/1.8/gems/mongrel-1.1.5/lib/mongrel.rb:285:in `run'
    /var/lib/gems/1.8/gems/mongrel-1.1.5/lib/mongrel.rb:285:in `initialize'
    /var/lib/gems/1.8/gems/mongrel-1.1.5/lib/mongrel.rb:285:in `new'
    /var/lib/gems/1.8/gems/mongrel-1.1.5/lib/mongrel.rb:285:in `run'
    /var/lib/gems/1.8/gems/mongrel-1.1.5/lib/mongrel.rb:268:in `initialize'
    /var/lib/gems/1.8/gems/mongrel-1.1.5/lib/mongrel.rb:268:in `new'
    /var/lib/gems/1.8/gems/mongrel-1.1.5/lib/mongrel.rb:268:in `run'
    /var/lib/gems/1.8/gems/mongrel-1.1.5/lib/mongrel/configurator.rb:282:in `run'
    /var/lib/gems/1.8/gems/mongrel-1.1.5/lib/mongrel/configurator.rb:281:in `each'
    /var/lib/gems/1.8/gems/mongrel-1.1.5/lib/mongrel/configurator.rb:281:in `run'
    /var/lib/gems/1.8/gems/mongrel-1.1.5/bin/mongrel_rails:128:in `run'
    /var/lib/gems/1.8/gems/mongrel-1.1.5/lib/mongrel/command.rb:212:in `run'
    /var/lib/gems/1.8/gems/mongrel-1.1.5/bin/mongrel_rails:281
    /vendor/rails/activesupport/lib/active_support/dependencies.rb:502:in `load'
    /vendor/rails/activesupport/lib/active_support/dependencies.rb:502:in `load'
    /vendor/rails/activesupport/lib/active_support/dependencies.rb:354:in `new_constants_in'
    /vendor/rails/activesupport/lib/active_support/dependencies.rb:502:in `load'
    /vendor/rails/railties/lib/commands/servers/mongrel.rb:64
    /usr/lib/ruby/1.8/rubygems/custom_require.rb:31:in `gem_original_require'
    /usr/lib/ruby/1.8/rubygems/custom_require.rb:31:in `require'
    /vendor/rails/activesupport/lib/active_support/dependencies.rb:509:in `require'
    /vendor/rails/activesupport/lib/active_support/dependencies.rb:354:in `new_constants_in'
    /vendor/rails/activesupport/lib/active_support/dependencies.rb:509:in `require'
    /vendor/rails/railties/lib/commands/server.rb:39
    /usr/lib/ruby/1.8/rubygems/custom_require.rb:31:in `gem_original_require'
    /usr/lib/ruby/1.8/rubygems/custom_require.rb:31:in `require'
    script/server:3

Rendering /home/andrew/Desktop/fulltryruby/tryruby/vendor/rails/actionpack/lib/action_controller/templates/rescues/layout.erb (not_found)


Processing ApplicationController#index (for 127.0.0.1 at 2009-08-22 22:05:28) [GET]
  Session ID: BAh7BiIKZmxhc2hJQzonQWN0aW9uQ29udHJvbGxlcjo6Rmxhc2g6OkZsYXNo
SGFzaHsABjoKQHVzZWR7AA==--c5ae9cc48fe0c4f6ce7322b3718da363c0568d50
  Parameters: {}


ActionController::RoutingError (No route matches "/tutorials/intro.html" with {:method=>:get}):
    /vendor/rails/actionpack/lib/action_controller/routing/recognition_optimisation.rb:67:in `recognize_path'
    /vendor/rails/actionpack/lib/action_controller/routing/route_set.rb:384:in `recognize'
    /vendor/rails/actionpack/lib/action_controller/dispatcher.rb:148:in `handle_request'
    /vendor/rails/actionpack/lib/action_controller/dispatcher.rb:107:in `dispatch'
    /vendor/rails/actionpack/lib/action_controller/dispatcher.rb:104:in `synchronize'
    /vendor/rails/actionpack/lib/action_controller/dispatcher.rb:104:in `dispatch'
    /vendor/rails/actionpack/lib/action_controller/dispatcher.rb:120:in `dispatch_cgi'
    /vendor/rails/actionpack/lib/action_controller/dispatcher.rb:35:in `dispatch'
    /var/lib/gems/1.8/gems/mongrel-1.1.5/bin/../lib/mongrel/rails.rb:76:in `process'
    /var/lib/gems/1.8/gems/mongrel-1.1.5/bin/../lib/mongrel/rails.rb:74:in `synchronize'
    /var/lib/gems/1.8/gems/mongrel-1.1.5/bin/../lib/mongrel/rails.rb:74:in `process'
    /var/lib/gems/1.8/gems/mongrel-1.1.5/lib/mongrel.rb:159:in `process_client'
    /var/lib/gems/1.8/gems/mongrel-1.1.5/lib/mongrel.rb:158:in `each'
    /var/lib/gems/1.8/gems/mongrel-1.1.5/lib/mongrel.rb:158:in `process_client'
    /var/lib/gems/1.8/gems/mongrel-1.1.5/lib/mongrel.rb:285:in `run'
    /var/lib/gems/1.8/gems/mongrel-1.1.5/lib/mongrel.rb:285:in `initialize'
    /var/lib/gems/1.8/gems/mongrel-1.1.5/lib/mongrel.rb:285:in `new'
    /var/lib/gems/1.8/gems/mongrel-1.1.5/lib/mongrel.rb:285:in `run'
    /var/lib/gems/1.8/gems/mongrel-1.1.5/lib/mongrel.rb:268:in `initialize'
    /var/lib/gems/1.8/gems/mongrel-1.1.5/lib/mongrel.rb:268:in `new'
    /var/lib/gems/1.8/gems/mongrel-1.1.5/lib/mongrel.rb:268:in `run'
    /var/lib/gems/1.8/gems/mongrel-1.1.5/lib/mongrel/configurator.rb:282:in `run'
    /var/lib/gems/1.8/gems/mongrel-1.1.5/lib/mongrel/configurator.rb:281:in `each'
    /var/lib/gems/1.8/gems/mongrel-1.1.5/lib/mongrel/configurator.rb:281:in `run'
    /var/lib/gems/1.8/gems/mongrel-1.1.5/bin/mongrel_rails:128:in `run'
    /var/lib/gems/1.8/gems/mongrel-1.1.5/lib/mongrel/command.rb:212:in `run'
    /var/lib/gems/1.8/gems/mongrel-1.1.5/bin/mongrel_rails:281
    /vendor/rails/activesupport/lib/active_support/dependencies.rb:502:in `load'
    /vendor/rails/activesupport/lib/active_support/dependencies.rb:502:in `load'
    /vendor/rails/activesupport/lib/active_support/dependencies.rb:354:in `new_constants_in'
    /vendor/rails/activesupport/lib/active_support/dependencies.rb:502:in `load'
    /vendor/rails/railties/lib/commands/servers/mongrel.rb:64
    /usr/lib/ruby/1.8/rubygems/custom_require.rb:31:in `gem_original_require'
    /usr/lib/ruby/1.8/rubygems/custom_require.rb:31:in `require'
    /vendor/rails/activesupport/lib/active_support/dependencies.rb:509:in `require'
    /vendor/rails/activesupport/lib/active_support/dependencies.rb:354:in `new_constants_in'
    /vendor/rails/activesupport/lib/active_support/dependencies.rb:509:in `require'
    /vendor/rails/railties/lib/commands/server.rb:39
    /usr/lib/ruby/1.8/rubygems/custom_require.rb:31:in `gem_original_require'
    /usr/lib/ruby/1.8/rubygems/custom_require.rb:31:in `require'
    script/server:3

Rendering /home/andrew/Desktop/fulltryruby/tryruby/vendor/rails/actionpack/lib/action_controller/templates/rescues/layout.erb (not_found)


Processing IndexController#index (for 127.0.0.1 at 2009-08-22 22:08:13) [GET]
  Session ID: BAh7BiIKZmxhc2hJQzonQWN0aW9uQ29udHJvbGxlcjo6Rmxhc2g6OkZsYXNo
SGFzaHsABjoKQHVzZWR7AA==--c5ae9cc48fe0c4f6ce7322b3718da363c0568d50
  Parameters: {"action"=>"index", "controller"=>"index"}
Rendering template within layouts/index
Rendering index/index
Completed in 0.01190 (84 reqs/sec) | Rendering: 0.00149 (12%) | DB: 0.00000 (0%) | 200 OK [http://localhost/index]


Processing ApplicationController#index (for 127.0.0.1 at 2009-08-22 22:08:14) [GET]
  Session ID: BAh7BiIKZmxhc2hJQzonQWN0aW9uQ29udHJvbGxlcjo6Rmxhc2g6OkZsYXNo
SGFzaHsABjoKQHVzZWR7AA==--c5ae9cc48fe0c4f6ce7322b3718da363c0568d50
  Parameters: {}


ActionController::RoutingError (No route matches "/images/tile.png" with {:method=>:get}):
    /vendor/rails/actionpack/lib/action_controller/routing/recognition_optimisation.rb:67:in `recognize_path'
    /vendor/rails/actionpack/lib/action_controller/routing/route_set.rb:384:in `recognize'
    /vendor/rails/actionpack/lib/action_controller/dispatcher.rb:148:in `handle_request'
    /vendor/rails/actionpack/lib/action_controller/dispatcher.rb:107:in `dispatch'
    /vendor/rails/actionpack/lib/action_controller/dispatcher.rb:104:in `synchronize'
    /vendor/rails/actionpack/lib/action_controller/dispatcher.rb:104:in `dispatch'
    /vendor/rails/actionpack/lib/action_controller/dispatcher.rb:120:in `dispatch_cgi'
    /vendor/rails/actionpack/lib/action_controller/dispatcher.rb:35:in `dispatch'
    /var/lib/gems/1.8/gems/mongrel-1.1.5/bin/../lib/mongrel/rails.rb:76:in `process'
    /var/lib/gems/1.8/gems/mongrel-1.1.5/bin/../lib/mongrel/rails.rb:74:in `synchronize'
    /var/lib/gems/1.8/gems/mongrel-1.1.5/bin/../lib/mongrel/rails.rb:74:in `process'
    /var/lib/gems/1.8/gems/mongrel-1.1.5/lib/mongrel.rb:159:in `process_client'
    /var/lib/gems/1.8/gems/mongrel-1.1.5/lib/mongrel.rb:158:in `each'
    /var/lib/gems/1.8/gems/mongrel-1.1.5/lib/mongrel.rb:158:in `process_client'
    /var/lib/gems/1.8/gems/mongrel-1.1.5/lib/mongrel.rb:285:in `run'
    /var/lib/gems/1.8/gems/mongrel-1.1.5/lib/mongrel.rb:285:in `initialize'
    /var/lib/gems/1.8/gems/mongrel-1.1.5/lib/mongrel.rb:285:in `new'
    /var/lib/gems/1.8/gems/mongrel-1.1.5/lib/mongrel.rb:285:in `run'
    /var/lib/gems/1.8/gems/mongrel-1.1.5/lib/mongrel.rb:268:in `initialize'
    /var/lib/gems/1.8/gems/mongrel-1.1.5/lib/mongrel.rb:268:in `new'
    /var/lib/gems/1.8/gems/mongrel-1.1.5/lib/mongrel.rb:268:in `run'
    /var/lib/gems/1.8/gems/mongrel-1.1.5/lib/mongrel/configurator.rb:282:in `run'
    /var/lib/gems/1.8/gems/mongrel-1.1.5/lib/mongrel/configurator.rb:281:in `each'
    /var/lib/gems/1.8/gems/mongrel-1.1.5/lib/mongrel/configurator.rb:281:in `run'
    /var/lib/gems/1.8/gems/mongrel-1.1.5/bin/mongrel_rails:128:in `run'
    /var/lib/gems/1.8/gems/mongrel-1.1.5/lib/mongrel/command.rb:212:in `run'
    /var/lib/gems/1.8/gems/mongrel-1.1.5/bin/mongrel_rails:281
    /vendor/rails/activesupport/lib/active_support/dependencies.rb:502:in `load'
    /vendor/rails/activesupport/lib/active_support/dependencies.rb:502:in `load'
    /vendor/rails/activesupport/lib/active_support/dependencies.rb:354:in `new_constants_in'
    /vendor/rails/activesupport/lib/active_support/dependencies.rb:502:in `load'
    /vendor/rails/railties/lib/commands/servers/mongrel.rb:64
    /usr/lib/ruby/1.8/rubygems/custom_require.rb:31:in `gem_original_require'
    /usr/lib/ruby/1.8/rubygems/custom_require.rb:31:in `require'
    /vendor/rails/activesupport/lib/active_support/dependencies.rb:509:in `require'
    /vendor/rails/activesupport/lib/active_support/dependencies.rb:354:in `new_constants_in'
    /vendor/rails/activesupport/lib/active_support/dependencies.rb:509:in `require'
    /vendor/rails/railties/lib/commands/server.rb:39
    /usr/lib/ruby/1.8/rubygems/custom_require.rb:31:in `gem_original_require'
    /usr/lib/ruby/1.8/rubygems/custom_require.rb:31:in `require'
    script/server:3

Rendering /home/andrew/Desktop/fulltryruby/tryruby/vendor/rails/actionpack/lib/action_controller/templates/rescues/layout.erb (not_found)


Processing ApplicationController#index (for 127.0.0.1 at 2009-08-22 22:08:14) [GET]
  Session ID: BAh7BiIKZmxhc2hJQzonQWN0aW9uQ29udHJvbGxlcjo6Rmxhc2g6OkZsYXNo
SGFzaHsABjoKQHVzZWR7AA==--c5ae9cc48fe0c4f6ce7322b3718da363c0568d50
  Parameters: {}


ActionController::RoutingError (No route matches "/tutorials/intro.html" with {:method=>:get}):
    /vendor/rails/actionpack/lib/action_controller/routing/recognition_optimisation.rb:67:in `recognize_path'
    /vendor/rails/actionpack/lib/action_controller/routing/route_set.rb:384:in `recognize'
    /vendor/rails/actionpack/lib/action_controller/dispatcher.rb:148:in `handle_request'
    /vendor/rails/actionpack/lib/action_controller/dispatcher.rb:107:in `dispatch'
    /vendor/rails/actionpack/lib/action_controller/dispatcher.rb:104:in `synchronize'
    /vendor/rails/actionpack/lib/action_controller/dispatcher.rb:104:in `dispatch'
    /vendor/rails/actionpack/lib/action_controller/dispatcher.rb:120:in `dispatch_cgi'
    /vendor/rails/actionpack/lib/action_controller/dispatcher.rb:35:in `dispatch'
    /var/lib/gems/1.8/gems/mongrel-1.1.5/bin/../lib/mongrel/rails.rb:76:in `process'
    /var/lib/gems/1.8/gems/mongrel-1.1.5/bin/../lib/mongrel/rails.rb:74:in `synchronize'
    /var/lib/gems/1.8/gems/mongrel-1.1.5/bin/../lib/mongrel/rails.rb:74:in `process'
    /var/lib/gems/1.8/gems/mongrel-1.1.5/lib/mongrel.rb:159:in `process_client'
    /var/lib/gems/1.8/gems/mongrel-1.1.5/lib/mongrel.rb:158:in `each'
    /var/lib/gems/1.8/gems/mongrel-1.1.5/lib/mongrel.rb:158:in `process_client'
    /var/lib/gems/1.8/gems/mongrel-1.1.5/lib/mongrel.rb:285:in `run'
    /var/lib/gems/1.8/gems/mongrel-1.1.5/lib/mongrel.rb:285:in `initialize'
    /var/lib/gems/1.8/gems/mongrel-1.1.5/lib/mongrel.rb:285:in `new'
    /var/lib/gems/1.8/gems/mongrel-1.1.5/lib/mongrel.rb:285:in `run'
    /var/lib/gems/1.8/gems/mongrel-1.1.5/lib/mongrel.rb:268:in `initialize'
    /var/lib/gems/1.8/gems/mongrel-1.1.5/lib/mongrel.rb:268:in `new'
    /var/lib/gems/1.8/gems/mongrel-1.1.5/lib/mongrel.rb:268:in `run'
    /var/lib/gems/1.8/gems/mongrel-1.1.5/lib/mongrel/configurator.rb:282:in `run'
    /var/lib/gems/1.8/gems/mongrel-1.1.5/lib/mongrel/configurator.rb:281:in `each'
    /var/lib/gems/1.8/gems/mongrel-1.1.5/lib/mongrel/configurator.rb:281:in `run'
    /var/lib/gems/1.8/gems/mongrel-1.1.5/bin/mongrel_rails:128:in `run'
    /var/lib/gems/1.8/gems/mongrel-1.1.5/lib/mongrel/command.rb:212:in `run'
    /var/lib/gems/1.8/gems/mongrel-1.1.5/bin/mongrel_rails:281
    /vendor/rails/activesupport/lib/active_support/dependencies.rb:502:in `load'
    /vendor/rails/activesupport/lib/active_support/dependencies.rb:502:in `load'
    /vendor/rails/activesupport/lib/active_support/dependencies.rb:354:in `new_constants_in'
    /vendor/rails/activesupport/lib/active_support/dependencies.rb:502:in `load'
    /vendor/rails/railties/lib/commands/servers/mongrel.rb:64
    /usr/lib/ruby/1.8/rubygems/custom_require.rb:31:in `gem_original_require'
    /usr/lib/ruby/1.8/rubygems/custom_require.rb:31:in `require'
    /vendor/rails/activesupport/lib/active_support/dependencies.rb:509:in `require'
    /vendor/rails/activesupport/lib/active_support/dependencies.rb:354:in `new_constants_in'
    /vendor/rails/activesupport/lib/active_support/dependencies.rb:509:in `require'
    /vendor/rails/railties/lib/commands/server.rb:39
    /usr/lib/ruby/1.8/rubygems/custom_require.rb:31:in `gem_original_require'
    /usr/lib/ruby/1.8/rubygems/custom_require.rb:31:in `require'
    script/server:3

Rendering /home/andrew/Desktop/fulltryruby/tryruby/vendor/rails/actionpack/lib/action_controller/templates/rescues/layout.erb (not_found)


Processing ApplicationController#index (for 127.0.0.1 at 2009-08-22 22:08:17) [POST]
  Session ID: BAh7BiIKZmxhc2hJQzonQWN0aW9uQ29udHJvbGxlcjo6Rmxhc2g6OkZsYXNo
SGFzaHsABjoKQHVzZWR7AA==--c5ae9cc48fe0c4f6ce7322b3718da363c0568d50
  Parameters: {"cmd"=>"!INIT!IRB!"}


ActionController::RoutingError (No route matches "/irb" with {:method=>:post}):
    /vendor/rails/actionpack/lib/action_controller/routing/recognition_optimisation.rb:67:in `recognize_path'
    /vendor/rails/actionpack/lib/action_controller/routing/route_set.rb:384:in `recognize'
    /vendor/rails/actionpack/lib/action_controller/dispatcher.rb:148:in `handle_request'
    /vendor/rails/actionpack/lib/action_controller/dispatcher.rb:107:in `dispatch'
    /vendor/rails/actionpack/lib/action_controller/dispatcher.rb:104:in `synchronize'
    /vendor/rails/actionpack/lib/action_controller/dispatcher.rb:104:in `dispatch'
    /vendor/rails/actionpack/lib/action_controller/dispatcher.rb:120:in `dispatch_cgi'
    /vendor/rails/actionpack/lib/action_controller/dispatcher.rb:35:in `dispatch'
    /var/lib/gems/1.8/gems/mongrel-1.1.5/bin/../lib/mongrel/rails.rb:76:in `process'
    /var/lib/gems/1.8/gems/mongrel-1.1.5/bin/../lib/mongrel/rails.rb:74:in `synchronize'
    /var/lib/gems/1.8/gems/mongrel-1.1.5/bin/../lib/mongrel/rails.rb:74:in `process'
    /var/lib/gems/1.8/gems/mongrel-1.1.5/lib/mongrel.rb:159:in `process_client'
    /var/lib/gems/1.8/gems/mongrel-1.1.5/lib/mongrel.rb:158:in `each'
    /var/lib/gems/1.8/gems/mongrel-1.1.5/lib/mongrel.rb:158:in `process_client'
    /var/lib/gems/1.8/gems/mongrel-1.1.5/lib/mongrel.rb:285:in `run'
    /var/lib/gems/1.8/gems/mongrel-1.1.5/lib/mongrel.rb:285:in `initialize'
    /var/lib/gems/1.8/gems/mongrel-1.1.5/lib/mongrel.rb:285:in `new'
    /var/lib/gems/1.8/gems/mongrel-1.1.5/lib/mongrel.rb:285:in `run'
    /var/lib/gems/1.8/gems/mongrel-1.1.5/lib/mongrel.rb:268:in `initialize'
    /var/lib/gems/1.8/gems/mongrel-1.1.5/lib/mongrel.rb:268:in `new'
    /var/lib/gems/1.8/gems/mongrel-1.1.5/lib/mongrel.rb:268:in `run'
    /var/lib/gems/1.8/gems/mongrel-1.1.5/lib/mongrel/configurator.rb:282:in `run'
    /var/lib/gems/1.8/gems/mongrel-1.1.5/lib/mongrel/configurator.rb:281:in `each'
    /var/lib/gems/1.8/gems/mongrel-1.1.5/lib/mongrel/configurator.rb:281:in `run'
    /var/lib/gems/1.8/gems/mongrel-1.1.5/bin/mongrel_rails:128:in `run'
    /var/lib/gems/1.8/gems/mongrel-1.1.5/lib/mongrel/command.rb:212:in `run'
    /var/lib/gems/1.8/gems/mongrel-1.1.5/bin/mongrel_rails:281
    /vendor/rails/activesupport/lib/active_support/dependencies.rb:502:in `load'
    /vendor/rails/activesupport/lib/active_support/dependencies.rb:502:in `load'
    /vendor/rails/activesupport/lib/active_support/dependencies.rb:354:in `new_constants_in'
    /vendor/rails/activesupport/lib/active_support/dependencies.rb:502:in `load'
    /vendor/rails/railties/lib/commands/servers/mongrel.rb:64
    /usr/lib/ruby/1.8/rubygems/custom_require.rb:31:in `gem_original_require'
    /usr/lib/ruby/1.8/rubygems/custom_require.rb:31:in `require'
    /vendor/rails/activesupport/lib/active_support/dependencies.rb:509:in `require'
    /vendor/rails/activesupport/lib/active_support/dependencies.rb:354:in `new_constants_in'
    /vendor/rails/activesupport/lib/active_support/dependencies.rb:509:in `require'
    /vendor/rails/railties/lib/commands/server.rb:39
    /usr/lib/ruby/1.8/rubygems/custom_require.rb:31:in `gem_original_require'
    /usr/lib/ruby/1.8/rubygems/custom_require.rb:31:in `require'
    script/server:3

Rendering /home/andrew/Desktop/fulltryruby/tryruby/vendor/rails/actionpack/lib/action_controller/templates/rescues/layout.erb (not_found)


Processing ApplicationController#index (for 127.0.0.1 at 2009-08-22 22:08:17) [POST]
  Session ID: BAh7BiIKZmxhc2hJQzonQWN0aW9uQ29udHJvbGxlcjo6Rmxhc2g6OkZsYXNo
SGFzaHsABjoKQHVzZWR7AA==--c5ae9cc48fe0c4f6ce7322b3718da363c0568d50
  Parameters: {"cmd"=>"2+2"}


ActionController::RoutingError (No route matches "/irb" with {:method=>:post}):
    /vendor/rails/actionpack/lib/action_controller/routing/recognition_optimisation.rb:67:in `recognize_path'
    /vendor/rails/actionpack/lib/action_controller/routing/route_set.rb:384:in `recognize'
    /vendor/rails/actionpack/lib/action_controller/dispatcher.rb:148:in `handle_request'
    /vendor/rails/actionpack/lib/action_controller/dispatcher.rb:107:in `dispatch'
    /vendor/rails/actionpack/lib/action_controller/dispatcher.rb:104:in `synchronize'
    /vendor/rails/actionpack/lib/action_controller/dispatcher.rb:104:in `dispatch'
    /vendor/rails/actionpack/lib/action_controller/dispatcher.rb:120:in `dispatch_cgi'
    /vendor/rails/actionpack/lib/action_controller/dispatcher.rb:35:in `dispatch'
    /var/lib/gems/1.8/gems/mongrel-1.1.5/bin/../lib/mongrel/rails.rb:76:in `process'
    /var/lib/gems/1.8/gems/mongrel-1.1.5/bin/../lib/mongrel/rails.rb:74:in `synchronize'
    /var/lib/gems/1.8/gems/mongrel-1.1.5/bin/../lib/mongrel/rails.rb:74:in `process'
    /var/lib/gems/1.8/gems/mongrel-1.1.5/lib/mongrel.rb:159:in `process_client'
    /var/lib/gems/1.8/gems/mongrel-1.1.5/lib/mongrel.rb:158:in `each'
    /var/lib/gems/1.8/gems/mongrel-1.1.5/lib/mongrel.rb:158:in `process_client'
    /var/lib/gems/1.8/gems/mongrel-1.1.5/lib/mongrel.rb:285:in `run'
    /var/lib/gems/1.8/gems/mongrel-1.1.5/lib/mongrel.rb:285:in `initialize'
    /var/lib/gems/1.8/gems/mongrel-1.1.5/lib/mongrel.rb:285:in `new'
    /var/lib/gems/1.8/gems/mongrel-1.1.5/lib/mongrel.rb:285:in `run'
    /var/lib/gems/1.8/gems/mongrel-1.1.5/lib/mongrel.rb:268:in `initialize'
    /var/lib/gems/1.8/gems/mongrel-1.1.5/lib/mongrel.rb:268:in `new'
    /var/lib/gems/1.8/gems/mongrel-1.1.5/lib/mongrel.rb:268:in `run'
    /var/lib/gems/1.8/gems/mongrel-1.1.5/lib/mongrel/configurator.rb:282:in `run'
    /var/lib/gems/1.8/gems/mongrel-1.1.5/lib/mongrel/configurator.rb:281:in `each'
    /var/lib/gems/1.8/gems/mongrel-1.1.5/lib/mongrel/configurator.rb:281:in `run'
    /var/lib/gems/1.8/gems/mongrel-1.1.5/bin/mongrel_rails:128:in `run'
    /var/lib/gems/1.8/gems/mongrel-1.1.5/lib/mongrel/command.rb:212:in `run'
    /var/lib/gems/1.8/gems/mongrel-1.1.5/bin/mongrel_rails:281
    /vendor/rails/activesupport/lib/active_support/dependencies.rb:502:in `load'
    /vendor/rails/activesupport/lib/active_support/dependencies.rb:502:in `load'
    /vendor/rails/activesupport/lib/active_support/dependencies.rb:354:in `new_constants_in'
    /vendor/rails/activesupport/lib/active_support/dependencies.rb:502:in `load'
    /vendor/rails/railties/lib/commands/servers/mongrel.rb:64
    /usr/lib/ruby/1.8/rubygems/custom_require.rb:31:in `gem_original_require'
    /usr/lib/ruby/1.8/rubygems/custom_require.rb:31:in `require'
    /vendor/rails/activesupport/lib/active_support/dependencies.rb:509:in `require'
    /vendor/rails/activesupport/lib/active_support/dependencies.rb:354:in `new_constants_in'
    /vendor/rails/activesupport/lib/active_support/dependencies.rb:509:in `require'
    /vendor/rails/railties/lib/commands/server.rb:39
    /usr/lib/ruby/1.8/rubygems/custom_require.rb:31:in `gem_original_require'
    /usr/lib/ruby/1.8/rubygems/custom_require.rb:31:in `require'
    script/server:3

Rendering /home/andrew/Desktop/fulltryruby/tryruby/vendor/rails/actionpack/lib/action_controller/templates/rescues/layout.erb (not_found)


Processing ApplicationController#index (for 127.0.0.1 at 2009-08-22 22:09:42) [POST]
  Session ID: BAh7BiIKZmxhc2hJQzonQWN0aW9uQ29udHJvbGxlcjo6Rmxhc2g6OkZsYXNo
SGFzaHsABjoKQHVzZWR7AA==--c5ae9cc48fe0c4f6ce7322b3718da363c0568d50
  Parameters: {"cmd"=>"2 +2 "}


ActionController::RoutingError (No route matches "/irb" with {:method=>:post}):
    /vendor/rails/actionpack/lib/action_controller/routing/recognition_optimisation.rb:67:in `recognize_path'
    /vendor/rails/actionpack/lib/action_controller/routing/route_set.rb:384:in `recognize'
    /vendor/rails/actionpack/lib/action_controller/dispatcher.rb:148:in `handle_request'
    /vendor/rails/actionpack/lib/action_controller/dispatcher.rb:107:in `dispatch'
    /vendor/rails/actionpack/lib/action_controller/dispatcher.rb:104:in `synchronize'
    /vendor/rails/actionpack/lib/action_controller/dispatcher.rb:104:in `dispatch'
    /vendor/rails/actionpack/lib/action_controller/dispatcher.rb:120:in `dispatch_cgi'
    /vendor/rails/actionpack/lib/action_controller/dispatcher.rb:35:in `dispatch'
    /var/lib/gems/1.8/gems/mongrel-1.1.5/bin/../lib/mongrel/rails.rb:76:in `process'
    /var/lib/gems/1.8/gems/mongrel-1.1.5/bin/../lib/mongrel/rails.rb:74:in `synchronize'
    /var/lib/gems/1.8/gems/mongrel-1.1.5/bin/../lib/mongrel/rails.rb:74:in `process'
    /var/lib/gems/1.8/gems/mongrel-1.1.5/lib/mongrel.rb:159:in `process_client'
    /var/lib/gems/1.8/gems/mongrel-1.1.5/lib/mongrel.rb:158:in `each'
    /var/lib/gems/1.8/gems/mongrel-1.1.5/lib/mongrel.rb:158:in `process_client'
    /var/lib/gems/1.8/gems/mongrel-1.1.5/lib/mongrel.rb:285:in `run'
    /var/lib/gems/1.8/gems/mongrel-1.1.5/lib/mongrel.rb:285:in `initialize'
    /var/lib/gems/1.8/gems/mongrel-1.1.5/lib/mongrel.rb:285:in `new'
    /var/lib/gems/1.8/gems/mongrel-1.1.5/lib/mongrel.rb:285:in `run'
    /var/lib/gems/1.8/gems/mongrel-1.1.5/lib/mongrel.rb:268:in `initialize'
    /var/lib/gems/1.8/gems/mongrel-1.1.5/lib/mongrel.rb:268:in `new'
    /var/lib/gems/1.8/gems/mongrel-1.1.5/lib/mongrel.rb:268:in `run'
    /var/lib/gems/1.8/gems/mongrel-1.1.5/lib/mongrel/configurator.rb:282:in `run'
    /var/lib/gems/1.8/gems/mongrel-1.1.5/lib/mongrel/configurator.rb:281:in `each'
    /var/lib/gems/1.8/gems/mongrel-1.1.5/lib/mongrel/configurator.rb:281:in `run'
    /var/lib/gems/1.8/gems/mongrel-1.1.5/bin/mongrel_rails:128:in `run'
    /var/lib/gems/1.8/gems/mongrel-1.1.5/lib/mongrel/command.rb:212:in `run'
    /var/lib/gems/1.8/gems/mongrel-1.1.5/bin/mongrel_rails:281
    /vendor/rails/activesupport/lib/active_support/dependencies.rb:502:in `load'
    /vendor/rails/activesupport/lib/active_support/dependencies.rb:502:in `load'
    /vendor/rails/activesupport/lib/active_support/dependencies.rb:354:in `new_constants_in'
    /vendor/rails/activesupport/lib/active_support/dependencies.rb:502:in `load'
    /vendor/rails/railties/lib/commands/servers/mongrel.rb:64
    /usr/lib/ruby/1.8/rubygems/custom_require.rb:31:in `gem_original_require'
    /usr/lib/ruby/1.8/rubygems/custom_require.rb:31:in `require'
    /vendor/rails/activesupport/lib/active_support/dependencies.rb:509:in `require'
    /vendor/rails/activesupport/lib/active_support/dependencies.rb:354:in `new_constants_in'
    /vendor/rails/activesupport/lib/active_support/dependencies.rb:509:in `require'
    /vendor/rails/railties/lib/commands/server.rb:39
    /usr/lib/ruby/1.8/rubygems/custom_require.rb:31:in `gem_original_require'
    /usr/lib/ruby/1.8/rubygems/custom_require.rb:31:in `require'
    script/server:3

Rendering /home/andrew/Desktop/fulltryruby/tryruby/vendor/rails/actionpack/lib/action_controller/templates/rescues/layout.erb (not_found)


Processing ApplicationController#index (for 127.0.0.1 at 2009-08-22 22:10:33) [GET]
  Session ID: BAh7BiIKZmxhc2hJQzonQWN0aW9uQ29udHJvbGxlcjo6Rmxhc2g6OkZsYXNo
SGFzaHsABjoKQHVzZWR7AA==--c5ae9cc48fe0c4f6ce7322b3718da363c0568d50
  Parameters: {}


ActionController::RoutingError (No route matches "/irb" with {:method=>:get}):
    /vendor/rails/actionpack/lib/action_controller/routing/recognition_optimisation.rb:67:in `recognize_path'
    /vendor/rails/actionpack/lib/action_controller/routing/route_set.rb:384:in `recognize'
    /vendor/rails/actionpack/lib/action_controller/dispatcher.rb:148:in `handle_request'
    /vendor/rails/actionpack/lib/action_controller/dispatcher.rb:107:in `dispatch'
    /vendor/rails/actionpack/lib/action_controller/dispatcher.rb:104:in `synchronize'
    /vendor/rails/actionpack/lib/action_controller/dispatcher.rb:104:in `dispatch'
    /vendor/rails/actionpack/lib/action_controller/dispatcher.rb:120:in `dispatch_cgi'
    /vendor/rails/actionpack/lib/action_controller/dispatcher.rb:35:in `dispatch'
    /var/lib/gems/1.8/gems/mongrel-1.1.5/bin/../lib/mongrel/rails.rb:76:in `process'
    /var/lib/gems/1.8/gems/mongrel-1.1.5/bin/../lib/mongrel/rails.rb:74:in `synchronize'
    /var/lib/gems/1.8/gems/mongrel-1.1.5/bin/../lib/mongrel/rails.rb:74:in `process'
    /var/lib/gems/1.8/gems/mongrel-1.1.5/lib/mongrel.rb:159:in `process_client'
    /var/lib/gems/1.8/gems/mongrel-1.1.5/lib/mongrel.rb:158:in `each'
    /var/lib/gems/1.8/gems/mongrel-1.1.5/lib/mongrel.rb:158:in `process_client'
    /var/lib/gems/1.8/gems/mongrel-1.1.5/lib/mongrel.rb:285:in `run'
    /var/lib/gems/1.8/gems/mongrel-1.1.5/lib/mongrel.rb:285:in `initialize'
    /var/lib/gems/1.8/gems/mongrel-1.1.5/lib/mongrel.rb:285:in `new'
    /var/lib/gems/1.8/gems/mongrel-1.1.5/lib/mongrel.rb:285:in `run'
    /var/lib/gems/1.8/gems/mongrel-1.1.5/lib/mongrel.rb:268:in `initialize'
    /var/lib/gems/1.8/gems/mongrel-1.1.5/lib/mongrel.rb:268:in `new'
    /var/lib/gems/1.8/gems/mongrel-1.1.5/lib/mongrel.rb:268:in `run'
    /var/lib/gems/1.8/gems/mongrel-1.1.5/lib/mongrel/configurator.rb:282:in `run'
    /var/lib/gems/1.8/gems/mongrel-1.1.5/lib/mongrel/configurator.rb:281:in `each'
    /var/lib/gems/1.8/gems/mongrel-1.1.5/lib/mongrel/configurator.rb:281:in `run'
    /var/lib/gems/1.8/gems/mongrel-1.1.5/bin/mongrel_rails:128:in `run'
    /var/lib/gems/1.8/gems/mongrel-1.1.5/lib/mongrel/command.rb:212:in `run'
    /var/lib/gems/1.8/gems/mongrel-1.1.5/bin/mongrel_rails:281
    /vendor/rails/activesupport/lib/active_support/dependencies.rb:502:in `load'
    /vendor/rails/activesupport/lib/active_support/dependencies.rb:502:in `load'
    /vendor/rails/activesupport/lib/active_support/dependencies.rb:354:in `new_constants_in'
    /vendor/rails/activesupport/lib/active_support/dependencies.rb:502:in `load'
    /vendor/rails/railties/lib/commands/servers/mongrel.rb:64
    /usr/lib/ruby/1.8/rubygems/custom_require.rb:31:in `gem_original_require'
    /usr/lib/ruby/1.8/rubygems/custom_require.rb:31:in `require'
    /vendor/rails/activesupport/lib/active_support/dependencies.rb:509:in `require'
    /vendor/rails/activesupport/lib/active_support/dependencies.rb:354:in `new_constants_in'
    /vendor/rails/activesupport/lib/active_support/dependencies.rb:509:in `require'
    /vendor/rails/railties/lib/commands/server.rb:39
    /usr/lib/ruby/1.8/rubygems/custom_require.rb:31:in `gem_original_require'
    /usr/lib/ruby/1.8/rubygems/custom_require.rb:31:in `require'
    script/server:3

Rendering /home/andrew/Desktop/fulltryruby/tryruby/vendor/rails/actionpack/lib/action_controller/templates/rescues/layout.erb (not_found)


Processing IrbController#index (for 127.0.0.1 at 2009-08-22 22:12:37) [GET]
  Session ID: BAh7BiIKZmxhc2hJQzonQWN0aW9uQ29udHJvbGxlcjo6Rmxhc2g6OkZsYXNo
SGFzaHsABjoKQHVzZWR7AA==--c5ae9cc48fe0c4f6ce7322b3718da363c0568d50
  Parameters: {"action"=>"index", "controller"=>"irb"}
Rendering irb/index
Completed in 0.00901 (110 reqs/sec) | Rendering: 0.00352 (39%) | DB: 0.00000 (0%) | 200 OK [http://localhost/irb]


Processing ApplicationController#index (for 127.0.0.1 at 2009-08-22 22:12:40) [GET]
  Session ID: BAh7BiIKZmxhc2hJQzonQWN0aW9uQ29udHJvbGxlcjo6Rmxhc2g6OkZsYXNo
SGFzaHsABjoKQHVzZWR7AA==--c5ae9cc48fe0c4f6ce7322b3718da363c0568d50
  Parameters: {}


ActionController::RoutingError (No route matches "/images/tile.png" with {:method=>:get}):
    /vendor/rails/actionpack/lib/action_controller/routing/recognition_optimisation.rb:67:in `recognize_path'
    /vendor/rails/actionpack/lib/action_controller/routing/route_set.rb:384:in `recognize'
    /vendor/rails/actionpack/lib/action_controller/dispatcher.rb:148:in `handle_request'
    /vendor/rails/actionpack/lib/action_controller/dispatcher.rb:107:in `dispatch'
    /vendor/rails/actionpack/lib/action_controller/dispatcher.rb:104:in `synchronize'
    /vendor/rails/actionpack/lib/action_controller/dispatcher.rb:104:in `dispatch'
    /vendor/rails/actionpack/lib/action_controller/dispatcher.rb:120:in `dispatch_cgi'
    /vendor/rails/actionpack/lib/action_controller/dispatcher.rb:35:in `dispatch'
    /var/lib/gems/1.8/gems/mongrel-1.1.5/bin/../lib/mongrel/rails.rb:76:in `process'
    /var/lib/gems/1.8/gems/mongrel-1.1.5/bin/../lib/mongrel/rails.rb:74:in `synchronize'
    /var/lib/gems/1.8/gems/mongrel-1.1.5/bin/../lib/mongrel/rails.rb:74:in `process'
    /var/lib/gems/1.8/gems/mongrel-1.1.5/lib/mongrel.rb:159:in `process_client'
    /var/lib/gems/1.8/gems/mongrel-1.1.5/lib/mongrel.rb:158:in `each'
    /var/lib/gems/1.8/gems/mongrel-1.1.5/lib/mongrel.rb:158:in `process_client'
    /var/lib/gems/1.8/gems/mongrel-1.1.5/lib/mongrel.rb:285:in `run'
    /var/lib/gems/1.8/gems/mongrel-1.1.5/lib/mongrel.rb:285:in `initialize'
    /var/lib/gems/1.8/gems/mongrel-1.1.5/lib/mongrel.rb:285:in `new'
    /var/lib/gems/1.8/gems/mongrel-1.1.5/lib/mongrel.rb:285:in `run'
    /var/lib/gems/1.8/gems/mongrel-1.1.5/lib/mongrel.rb:268:in `initialize'
    /var/lib/gems/1.8/gems/mongrel-1.1.5/lib/mongrel.rb:268:in `new'
    /var/lib/gems/1.8/gems/mongrel-1.1.5/lib/mongrel.rb:268:in `run'
    /var/lib/gems/1.8/gems/mongrel-1.1.5/lib/mongrel/configurator.rb:282:in `run'
    /var/lib/gems/1.8/gems/mongrel-1.1.5/lib/mongrel/configurator.rb:281:in `each'
    /var/lib/gems/1.8/gems/mongrel-1.1.5/lib/mongrel/configurator.rb:281:in `run'
    /var/lib/gems/1.8/gems/mongrel-1.1.5/bin/mongrel_rails:128:in `run'
    /var/lib/gems/1.8/gems/mongrel-1.1.5/lib/mongrel/command.rb:212:in `run'
    /var/lib/gems/1.8/gems/mongrel-1.1.5/bin/mongrel_rails:281
    /vendor/rails/activesupport/lib/active_support/dependencies.rb:502:in `load'
    /vendor/rails/activesupport/lib/active_support/dependencies.rb:502:in `load'
    /vendor/rails/activesupport/lib/active_support/dependencies.rb:354:in `new_constants_in'
    /vendor/rails/activesupport/lib/active_support/dependencies.rb:502:in `load'
    /vendor/rails/railties/lib/commands/servers/mongrel.rb:64
    /usr/lib/ruby/1.8/rubygems/custom_require.rb:31:in `gem_original_require'
    /usr/lib/ruby/1.8/rubygems/custom_require.rb:31:in `require'
    /vendor/rails/activesupport/lib/active_support/dependencies.rb:509:in `require'
    /vendor/rails/activesupport/lib/active_support/dependencies.rb:354:in `new_constants_in'
    /vendor/rails/activesupport/lib/active_support/dependencies.rb:509:in `require'
    /vendor/rails/railties/lib/commands/server.rb:39
    /usr/lib/ruby/1.8/rubygems/custom_require.rb:31:in `gem_original_require'
    /usr/lib/ruby/1.8/rubygems/custom_require.rb:31:in `require'
    script/server:3

Rendering /home/andrew/Desktop/fulltryruby/tryruby/vendor/rails/actionpack/lib/action_controller/templates/rescues/layout.erb (not_found)


Processing ApplicationController#index (for 127.0.0.1 at 2009-08-22 22:12:40) [GET]
  Session ID: BAh7BiIKZmxhc2hJQzonQWN0aW9uQ29udHJvbGxlcjo6Rmxhc2g6OkZsYXNo
SGFzaHsABjoKQHVzZWR7AA==--c5ae9cc48fe0c4f6ce7322b3718da363c0568d50
  Parameters: {}


ActionController::RoutingError (No route matches "/tutorials/intro.html" with {:method=>:get}):
    /vendor/rails/actionpack/lib/action_controller/routing/recognition_optimisation.rb:67:in `recognize_path'
    /vendor/rails/actionpack/lib/action_controller/routing/route_set.rb:384:in `recognize'
    /vendor/rails/actionpack/lib/action_controller/dispatcher.rb:148:in `handle_request'
    /vendor/rails/actionpack/lib/action_controller/dispatcher.rb:107:in `dispatch'
    /vendor/rails/actionpack/lib/action_controller/dispatcher.rb:104:in `synchronize'
    /vendor/rails/actionpack/lib/action_controller/dispatcher.rb:104:in `dispatch'
    /vendor/rails/actionpack/lib/action_controller/dispatcher.rb:120:in `dispatch_cgi'
    /vendor/rails/actionpack/lib/action_controller/dispatcher.rb:35:in `dispatch'
    /var/lib/gems/1.8/gems/mongrel-1.1.5/bin/../lib/mongrel/rails.rb:76:in `process'
    /var/lib/gems/1.8/gems/mongrel-1.1.5/bin/../lib/mongrel/rails.rb:74:in `synchronize'
    /var/lib/gems/1.8/gems/mongrel-1.1.5/bin/../lib/mongrel/rails.rb:74:in `process'
    /var/lib/gems/1.8/gems/mongrel-1.1.5/lib/mongrel.rb:159:in `process_client'
    /var/lib/gems/1.8/gems/mongrel-1.1.5/lib/mongrel.rb:158:in `each'
    /var/lib/gems/1.8/gems/mongrel-1.1.5/lib/mongrel.rb:158:in `process_client'
    /var/lib/gems/1.8/gems/mongrel-1.1.5/lib/mongrel.rb:285:in `run'
    /var/lib/gems/1.8/gems/mongrel-1.1.5/lib/mongrel.rb:285:in `initialize'
    /var/lib/gems/1.8/gems/mongrel-1.1.5/lib/mongrel.rb:285:in `new'
    /var/lib/gems/1.8/gems/mongrel-1.1.5/lib/mongrel.rb:285:in `run'
    /var/lib/gems/1.8/gems/mongrel-1.1.5/lib/mongrel.rb:268:in `initialize'
    /var/lib/gems/1.8/gems/mongrel-1.1.5/lib/mongrel.rb:268:in `new'
    /var/lib/gems/1.8/gems/mongrel-1.1.5/lib/mongrel.rb:268:in `run'
    /var/lib/gems/1.8/gems/mongrel-1.1.5/lib/mongrel/configurator.rb:282:in `run'
    /var/lib/gems/1.8/gems/mongrel-1.1.5/lib/mongrel/configurator.rb:281:in `each'
    /var/lib/gems/1.8/gems/mongrel-1.1.5/lib/mongrel/configurator.rb:281:in `run'
    /var/lib/gems/1.8/gems/mongrel-1.1.5/bin/mongrel_rails:128:in `run'
    /var/lib/gems/1.8/gems/mongrel-1.1.5/lib/mongrel/command.rb:212:in `run'
    /var/lib/gems/1.8/gems/mongrel-1.1.5/bin/mongrel_rails:281
    /vendor/rails/activesupport/lib/active_support/dependencies.rb:502:in `load'
    /vendor/rails/activesupport/lib/active_support/dependencies.rb:502:in `load'
    /vendor/rails/activesupport/lib/active_support/dependencies.rb:354:in `new_constants_in'
    /vendor/rails/activesupport/lib/active_support/dependencies.rb:502:in `load'
    /vendor/rails/railties/lib/commands/servers/mongrel.rb:64
    /usr/lib/ruby/1.8/rubygems/custom_require.rb:31:in `gem_original_require'
    /usr/lib/ruby/1.8/rubygems/custom_require.rb:31:in `require'
    /vendor/rails/activesupport/lib/active_support/dependencies.rb:509:in `require'
    /vendor/rails/activesupport/lib/active_support/dependencies.rb:354:in `new_constants_in'
    /vendor/rails/activesupport/lib/active_support/dependencies.rb:509:in `require'
    /vendor/rails/railties/lib/commands/server.rb:39
    /usr/lib/ruby/1.8/rubygems/custom_require.rb:31:in `gem_original_require'
    /usr/lib/ruby/1.8/rubygems/custom_require.rb:31:in `require'
    script/server:3

Rendering /home/andrew/Desktop/fulltryruby/tryruby/vendor/rails/actionpack/lib/action_controller/templates/rescues/layout.erb (not_found)


Processing IrbController#index (for 127.0.0.1 at 2009-08-22 22:12:43) [POST]
  Session ID: BAh7BiIKZmxhc2hJQzonQWN0aW9uQ29udHJvbGxlcjo6Rmxhc2g6OkZsYXNo
SGFzaHsABjoKQHVzZWR7AA==--c5ae9cc48fe0c4f6ce7322b3718da363c0568d50
  Parameters: {"cmd"=>"!INIT!IRB!", "action"=>"index", "controller"=>"irb"}


ActionController::InvalidAuthenticityToken (ActionController::InvalidAuthenticityToken):
    /vendor/rails/actionpack/lib/action_controller/request_forgery_protection.rb:86:in `verify_authenticity_token'
    /vendor/rails/activesupport/lib/active_support/callbacks.rb:173:in `send'
    /vendor/rails/activesupport/lib/active_support/callbacks.rb:173:in `evaluate_method'
    /vendor/rails/activesupport/lib/active_support/callbacks.rb:161:in `call'
    /vendor/rails/actionpack/lib/action_controller/filters.rb:430:in `call'
    /vendor/rails/actionpack/lib/action_controller/filters.rb:592:in `run_before_filters'
    /vendor/rails/actionpack/lib/action_controller/filters.rb:578:in `call_filters'
    /vendor/rails/actionpack/lib/action_controller/filters.rb:573:in `perform_action_without_benchmark'
    /vendor/rails/actionpack/lib/action_controller/benchmarking.rb:68:in `perform_action_without_rescue'
    /usr/lib/ruby/1.8/benchmark.rb:293:in `measure'
    /vendor/rails/actionpack/lib/action_controller/benchmarking.rb:68:in `perform_action_without_rescue'
    /vendor/rails/actionpack/lib/action_controller/rescue.rb:201:in `perform_action_without_caching'
    /vendor/rails/actionpack/lib/action_controller/caching/sql_cache.rb:13:in `perform_action'
    /vendor/rails/activerecord/lib/active_record/connection_adapters/abstract/query_cache.rb:33:in `cache'
    /vendor/rails/activerecord/lib/active_record/query_cache.rb:8:in `cache'
    /vendor/rails/actionpack/lib/action_controller/caching/sql_cache.rb:12:in `perform_action'
    /vendor/rails/actionpack/lib/action_controller/base.rb:529:in `send'
    /vendor/rails/actionpack/lib/action_controller/base.rb:529:in `process_without_filters'
    /vendor/rails/actionpack/lib/action_controller/filters.rb:569:in `process_without_session_management_support'
    /vendor/rails/actionpack/lib/action_controller/session_management.rb:130:in `process'
    /vendor/rails/actionpack/lib/action_controller/base.rb:389:in `process'
    /vendor/rails/actionpack/lib/action_controller/dispatcher.rb:149:in `handle_request'
    /vendor/rails/actionpack/lib/action_controller/dispatcher.rb:107:in `dispatch'
    /vendor/rails/actionpack/lib/action_controller/dispatcher.rb:104:in `synchronize'
    /vendor/rails/actionpack/lib/action_controller/dispatcher.rb:104:in `dispatch'
    /vendor/rails/actionpack/lib/action_controller/dispatcher.rb:120:in `dispatch_cgi'
    /vendor/rails/actionpack/lib/action_controller/dispatcher.rb:35:in `dispatch'
    /var/lib/gems/1.8/gems/mongrel-1.1.5/bin/../lib/mongrel/rails.rb:76:in `process'
    /var/lib/gems/1.8/gems/mongrel-1.1.5/bin/../lib/mongrel/rails.rb:74:in `synchronize'
    /var/lib/gems/1.8/gems/mongrel-1.1.5/bin/../lib/mongrel/rails.rb:74:in `process'
    /var/lib/gems/1.8/gems/mongrel-1.1.5/lib/mongrel.rb:159:in `process_client'
    /var/lib/gems/1.8/gems/mongrel-1.1.5/lib/mongrel.rb:158:in `each'
    /var/lib/gems/1.8/gems/mongrel-1.1.5/lib/mongrel.rb:158:in `process_client'
    /var/lib/gems/1.8/gems/mongrel-1.1.5/lib/mongrel.rb:285:in `run'
    /var/lib/gems/1.8/gems/mongrel-1.1.5/lib/mongrel.rb:285:in `initialize'
    /var/lib/gems/1.8/gems/mongrel-1.1.5/lib/mongrel.rb:285:in `new'
    /var/lib/gems/1.8/gems/mongrel-1.1.5/lib/mongrel.rb:285:in `run'
    /var/lib/gems/1.8/gems/mongrel-1.1.5/lib/mongrel.rb:268:in `initialize'
    /var/lib/gems/1.8/gems/mongrel-1.1.5/lib/mongrel.rb:268:in `new'
    /var/lib/gems/1.8/gems/mongrel-1.1.5/lib/mongrel.rb:268:in `run'
    /var/lib/gems/1.8/gems/mongrel-1.1.5/lib/mongrel/configurator.rb:282:in `run'
    /var/lib/gems/1.8/gems/mongrel-1.1.5/lib/mongrel/configurator.rb:281:in `each'
    /var/lib/gems/1.8/gems/mongrel-1.1.5/lib/mongrel/configurator.rb:281:in `run'
    /var/lib/gems/1.8/gems/mongrel-1.1.5/bin/mongrel_rails:128:in `run'
    /var/lib/gems/1.8/gems/mongrel-1.1.5/lib/mongrel/command.rb:212:in `run'
    /var/lib/gems/1.8/gems/mongrel-1.1.5/bin/mongrel_rails:281
    /vendor/rails/activesupport/lib/active_support/dependencies.rb:502:in `load'
    /vendor/rails/activesupport/lib/active_support/dependencies.rb:502:in `load'
    /vendor/rails/activesupport/lib/active_support/dependencies.rb:354:in `new_constants_in'
    /vendor/rails/activesupport/lib/active_support/dependencies.rb:502:in `load'
    /vendor/rails/railties/lib/commands/servers/mongrel.rb:64
    /usr/lib/ruby/1.8/rubygems/custom_require.rb:31:in `gem_original_require'
    /usr/lib/ruby/1.8/rubygems/custom_require.rb:31:in `require'
    /vendor/rails/activesupport/lib/active_support/dependencies.rb:509:in `require'
    /vendor/rails/activesupport/lib/active_support/dependencies.rb:354:in `new_constants_in'
    /vendor/rails/activesupport/lib/active_support/dependencies.rb:509:in `require'
    /vendor/rails/railties/lib/commands/server.rb:39
    /usr/lib/ruby/1.8/rubygems/custom_require.rb:31:in `gem_original_require'
    /usr/lib/ruby/1.8/rubygems/custom_require.rb:31:in `require'
    script/server:3

Rendering /home/andrew/Desktop/fulltryruby/tryruby/vendor/rails/actionpack/lib/action_controller/templates/rescues/layout.erb (unprocessable_entity)


Processing IrbController#index (for 127.0.0.1 at 2009-08-22 22:12:43) [POST]
  Session ID: BAh7BzoMY3NyZl9pZCIlZjY2OTllMjFiMzM1YWRkOTAzN2E5YzQyNmE5NmRj
MmQiCmZsYXNoSUM6J0FjdGlvbkNvbnRyb2xsZXI6OkZsYXNoOjpGbGFzaEhh
c2h7AAY6CkB1c2VkewA=--45b1cdddb096634d329c635055cc07158d3221d6
  Parameters: {"cmd"=>"2 + 2", "action"=>"index", "controller"=>"irb"}


ActionController::InvalidAuthenticityToken (ActionController::InvalidAuthenticityToken):
    /vendor/rails/actionpack/lib/action_controller/request_forgery_protection.rb:86:in `verify_authenticity_token'
    /vendor/rails/activesupport/lib/active_support/callbacks.rb:173:in `send'
    /vendor/rails/activesupport/lib/active_support/callbacks.rb:173:in `evaluate_method'
    /vendor/rails/activesupport/lib/active_support/callbacks.rb:161:in `call'
    /vendor/rails/actionpack/lib/action_controller/filters.rb:430:in `call'
    /vendor/rails/actionpack/lib/action_controller/filters.rb:592:in `run_before_filters'
    /vendor/rails/actionpack/lib/action_controller/filters.rb:578:in `call_filters'
    /vendor/rails/actionpack/lib/action_controller/filters.rb:573:in `perform_action_without_benchmark'
    /vendor/rails/actionpack/lib/action_controller/benchmarking.rb:68:in `perform_action_without_rescue'
    /usr/lib/ruby/1.8/benchmark.rb:293:in `measure'
    /vendor/rails/actionpack/lib/action_controller/benchmarking.rb:68:in `perform_action_without_rescue'
    /vendor/rails/actionpack/lib/action_controller/rescue.rb:201:in `perform_action_without_caching'
    /vendor/rails/actionpack/lib/action_controller/caching/sql_cache.rb:13:in `perform_action'
    /vendor/rails/activerecord/lib/active_record/connection_adapters/abstract/query_cache.rb:33:in `cache'
    /vendor/rails/activerecord/lib/active_record/query_cache.rb:8:in `cache'
    /vendor/rails/actionpack/lib/action_controller/caching/sql_cache.rb:12:in `perform_action'
    /vendor/rails/actionpack/lib/action_controller/base.rb:529:in `send'
    /vendor/rails/actionpack/lib/action_controller/base.rb:529:in `process_without_filters'
    /vendor/rails/actionpack/lib/action_controller/filters.rb:569:in `process_without_session_management_support'
    /vendor/rails/actionpack/lib/action_controller/session_management.rb:130:in `process'
    /vendor/rails/actionpack/lib/action_controller/base.rb:389:in `process'
    /vendor/rails/actionpack/lib/action_controller/dispatcher.rb:149:in `handle_request'
    /vendor/rails/actionpack/lib/action_controller/dispatcher.rb:107:in `dispatch'
    /vendor/rails/actionpack/lib/action_controller/dispatcher.rb:104:in `synchronize'
    /vendor/rails/actionpack/lib/action_controller/dispatcher.rb:104:in `dispatch'
    /vendor/rails/actionpack/lib/action_controller/dispatcher.rb:120:in `dispatch_cgi'
    /vendor/rails/actionpack/lib/action_controller/dispatcher.rb:35:in `dispatch'
    /var/lib/gems/1.8/gems/mongrel-1.1.5/bin/../lib/mongrel/rails.rb:76:in `process'
    /var/lib/gems/1.8/gems/mongrel-1.1.5/bin/../lib/mongrel/rails.rb:74:in `synchronize'
    /var/lib/gems/1.8/gems/mongrel-1.1.5/bin/../lib/mongrel/rails.rb:74:in `process'
    /var/lib/gems/1.8/gems/mongrel-1.1.5/lib/mongrel.rb:159:in `process_client'
    /var/lib/gems/1.8/gems/mongrel-1.1.5/lib/mongrel.rb:158:in `each'
    /var/lib/gems/1.8/gems/mongrel-1.1.5/lib/mongrel.rb:158:in `process_client'
    /var/lib/gems/1.8/gems/mongrel-1.1.5/lib/mongrel.rb:285:in `run'
    /var/lib/gems/1.8/gems/mongrel-1.1.5/lib/mongrel.rb:285:in `initialize'
    /var/lib/gems/1.8/gems/mongrel-1.1.5/lib/mongrel.rb:285:in `new'
    /var/lib/gems/1.8/gems/mongrel-1.1.5/lib/mongrel.rb:285:in `run'
    /var/lib/gems/1.8/gems/mongrel-1.1.5/lib/mongrel.rb:268:in `initialize'
    /var/lib/gems/1.8/gems/mongrel-1.1.5/lib/mongrel.rb:268:in `new'
    /var/lib/gems/1.8/gems/mongrel-1.1.5/lib/mongrel.rb:268:in `run'
    /var/lib/gems/1.8/gems/mongrel-1.1.5/lib/mongrel/configurator.rb:282:in `run'
    /var/lib/gems/1.8/gems/mongrel-1.1.5/lib/mongrel/configurator.rb:281:in `each'
    /var/lib/gems/1.8/gems/mongrel-1.1.5/lib/mongrel/configurator.rb:281:in `run'
    /var/lib/gems/1.8/gems/mongrel-1.1.5/bin/mongrel_rails:128:in `run'
    /var/lib/gems/1.8/gems/mongrel-1.1.5/lib/mongrel/command.rb:212:in `run'
    /var/lib/gems/1.8/gems/mongrel-1.1.5/bin/mongrel_rails:281
    /vendor/rails/activesupport/lib/active_support/dependencies.rb:502:in `load'
    /vendor/rails/activesupport/lib/active_support/dependencies.rb:502:in `load'
    /vendor/rails/activesupport/lib/active_support/dependencies.rb:354:in `new_constants_in'
    /vendor/rails/activesupport/lib/active_support/dependencies.rb:502:in `load'
    /vendor/rails/railties/lib/commands/servers/mongrel.rb:64
    /usr/lib/ruby/1.8/rubygems/custom_require.rb:31:in `gem_original_require'
    /usr/lib/ruby/1.8/rubygems/custom_require.rb:31:in `require'
    /vendor/rails/activesupport/lib/active_support/dependencies.rb:509:in `require'
    /vendor/rails/activesupport/lib/active_support/dependencies.rb:354:in `new_constants_in'
    /vendor/rails/activesupport/lib/active_support/dependencies.rb:509:in `require'
    /vendor/rails/railties/lib/commands/server.rb:39
    /usr/lib/ruby/1.8/rubygems/custom_require.rb:31:in `gem_original_require'
    /usr/lib/ruby/1.8/rubygems/custom_require.rb:31:in `require'
    script/server:3

Rendering /home/andrew/Desktop/fulltryruby/tryruby/vendor/rails/actionpack/lib/action_controller/templates/rescues/layout.erb (unprocessable_entity)
/!\ FAILSAFE /!\  Sat Aug 22 22:16:09 -0500 2009
  Status: 500 Internal Server Error
  A secret is required to generate an integrity hash for cookie session data. Use config.action_controller.session = { :session_key => "_myapp_session", :secret => "some secret phrase of at least 30 characters" } in config/environment.rb
    /home/andrew/Desktop/fulltryruby/tryruby/vendor/rails/actionpack/lib/action_controller/session/cookie_store.rb:90:in `ensure_secret_secure'
    /home/andrew/Desktop/fulltryruby/tryruby/vendor/rails/actionpack/lib/action_controller/session/cookie_store.rb:59:in `initialize'
    /usr/lib/ruby/1.8/cgi/session.rb:279:in `new'
    /usr/lib/ruby/1.8/cgi/session.rb:279:in `initialize_without_cgi_reader'
    /home/andrew/Desktop/fulltryruby/tryruby/vendor/rails/actionpack/lib/action_controller/cgi_ext/session.rb:39:in `initialize'
    /home/andrew/Desktop/fulltryruby/tryruby/vendor/rails/actionpack/lib/action_controller/cgi_process.rb:132:in `new'
    /home/andrew/Desktop/fulltryruby/tryruby/vendor/rails/actionpack/lib/action_controller/cgi_process.rb:132:in `session'
    /home/andrew/Desktop/fulltryruby/tryruby/vendor/rails/actionpack/lib/action_controller/cgi_process.rb:168:in `stale_session_check!'
    /home/andrew/Desktop/fulltryruby/tryruby/vendor/rails/actionpack/lib/action_controller/cgi_process.rb:116:in `session'
    /home/andrew/Desktop/fulltryruby/tryruby/vendor/rails/actionpack/lib/action_controller/base.rb:1135:in `assign_shortcuts_without_flash'
    /home/andrew/Desktop/fulltryruby/tryruby/vendor/rails/actionpack/lib/action_controller/flash.rb:166:in `assign_shortcuts'
    /home/andrew/Desktop/fulltryruby/tryruby/vendor/rails/actionpack/lib/action_controller/base.rb:523:in `process_without_filters'
    /home/andrew/Desktop/fulltryruby/tryruby/vendor/rails/actionpack/lib/action_controller/filters.rb:569:in `process_without_session_management_support'
    /home/andrew/Desktop/fulltryruby/tryruby/vendor/rails/actionpack/lib/action_controller/session_management.rb:130:in `process'
    /home/andrew/Desktop/fulltryruby/tryruby/vendor/rails/actionpack/lib/action_controller/base.rb:389:in `process'
    /home/andrew/Desktop/fulltryruby/tryruby/vendor/rails/actionpack/lib/action_controller/dispatcher.rb:149:in `handle_request'
    /home/andrew/Desktop/fulltryruby/tryruby/vendor/rails/actionpack/lib/action_controller/dispatcher.rb:107:in `dispatch'
    /home/andrew/Desktop/fulltryruby/tryruby/vendor/rails/actionpack/lib/action_controller/dispatcher.rb:104:in `synchronize'
    /home/andrew/Desktop/fulltryruby/tryruby/vendor/rails/actionpack/lib/action_controller/dispatcher.rb:104:in `dispatch'
    /home/andrew/Desktop/fulltryruby/tryruby/vendor/rails/actionpack/lib/action_controller/dispatcher.rb:120:in `dispatch_cgi'
    /home/andrew/Desktop/fulltryruby/tryruby/vendor/rails/actionpack/lib/action_controller/dispatcher.rb:35:in `dispatch'
    /var/lib/gems/1.8/gems/mongrel-1.1.5/bin/../lib/mongrel/rails.rb:76:in `process'
    /var/lib/gems/1.8/gems/mongrel-1.1.5/bin/../lib/mongrel/rails.rb:74:in `synchronize'
    /var/lib/gems/1.8/gems/mongrel-1.1.5/bin/../lib/mongrel/rails.rb:74:in `process'
    /var/lib/gems/1.8/gems/mongrel-1.1.5/lib/mongrel.rb:159:in `process_client'
    /var/lib/gems/1.8/gems/mongrel-1.1.5/lib/mongrel.rb:158:in `each'
    /var/lib/gems/1.8/gems/mongrel-1.1.5/lib/mongrel.rb:158:in `process_client'
    /var/lib/gems/1.8/gems/mongrel-1.1.5/lib/mongrel.rb:285:in `run'
    /var/lib/gems/1.8/gems/mongrel-1.1.5/lib/mongrel.rb:285:in `initialize'
    /var/lib/gems/1.8/gems/mongrel-1.1.5/lib/mongrel.rb:285:in `new'
    /var/lib/gems/1.8/gems/mongrel-1.1.5/lib/mongrel.rb:285:in `run'
    /var/lib/gems/1.8/gems/mongrel-1.1.5/lib/mongrel.rb:268:in `initialize'
    /var/lib/gems/1.8/gems/mongrel-1.1.5/lib/mongrel.rb:268:in `new'
    /var/lib/gems/1.8/gems/mongrel-1.1.5/lib/mongrel.rb:268:in `run'
    /var/lib/gems/1.8/gems/mongrel-1.1.5/lib/mongrel/configurator.rb:282:in `run'
    /var/lib/gems/1.8/gems/mongrel-1.1.5/lib/mongrel/configurator.rb:281:in `each'
    /var/lib/gems/1.8/gems/mongrel-1.1.5/lib/mongrel/configurator.rb:281:in `run'
    /var/lib/gems/1.8/gems/mongrel-1.1.5/bin/mongrel_rails:128:in `run'
    /var/lib/gems/1.8/gems/mongrel-1.1.5/lib/mongrel/command.rb:212:in `run'
    /var/lib/gems/1.8/gems/mongrel-1.1.5/bin/mongrel_rails:281
    /home/andrew/Desktop/fulltryruby/tryruby/vendor/rails/activesupport/lib/active_support/dependencies.rb:502:in `load'
    /home/andrew/Desktop/fulltryruby/tryruby/vendor/rails/activesupport/lib/active_support/dependencies.rb:502:in `load'
    /home/andrew/Desktop/fulltryruby/tryruby/vendor/rails/activesupport/lib/active_support/dependencies.rb:354:in `new_constants_in'
    /home/andrew/Desktop/fulltryruby/tryruby/vendor/rails/activesupport/lib/active_support/dependencies.rb:502:in `load'
    /home/andrew/Desktop/fulltryruby/tryruby/vendor/rails/railties/lib/commands/servers/mongrel.rb:64
    /usr/lib/ruby/1.8/rubygems/custom_require.rb:31:in `gem_original_require'
    /usr/lib/ruby/1.8/rubygems/custom_require.rb:31:in `require'
    /home/andrew/Desktop/fulltryruby/tryruby/vendor/rails/activesupport/lib/active_support/dependencies.rb:509:in `require'
    /home/andrew/Desktop/fulltryruby/tryruby/vendor/rails/activesupport/lib/active_support/dependencies.rb:354:in `new_constants_in'
    /home/andrew/Desktop/fulltryruby/tryruby/vendor/rails/activesupport/lib/active_support/dependencies.rb:509:in `require'
    /home/andrew/Desktop/fulltryruby/tryruby/vendor/rails/railties/lib/commands/server.rb:39
    /usr/lib/ruby/1.8/rubygems/custom_require.rb:31:in `gem_original_require'
    /usr/lib/ruby/1.8/rubygems/custom_require.rb:31:in `require'
    script/server:3
/!\ FAILSAFE /!\  Sat Aug 22 22:16:12 -0500 2009
  Status: 500 Internal Server Error
  A secret is required to generate an integrity hash for cookie session data. Use config.action_controller.session = { :session_key => "_myapp_session", :secret => "some secret phrase of at least 30 characters" } in config/environment.rb
    /home/andrew/Desktop/fulltryruby/tryruby/vendor/rails/actionpack/lib/action_controller/session/cookie_store.rb:90:in `ensure_secret_secure'
    /home/andrew/Desktop/fulltryruby/tryruby/vendor/rails/actionpack/lib/action_controller/session/cookie_store.rb:59:in `initialize'
    /usr/lib/ruby/1.8/cgi/session.rb:279:in `new'
    /usr/lib/ruby/1.8/cgi/session.rb:279:in `initialize_without_cgi_reader'
    /home/andrew/Desktop/fulltryruby/tryruby/vendor/rails/actionpack/lib/action_controller/cgi_ext/session.rb:39:in `initialize'
    /home/andrew/Desktop/fulltryruby/tryruby/vendor/rails/actionpack/lib/action_controller/cgi_process.rb:132:in `new'
    /home/andrew/Desktop/fulltryruby/tryruby/vendor/rails/actionpack/lib/action_controller/cgi_process.rb:132:in `session'
    /home/andrew/Desktop/fulltryruby/tryruby/vendor/rails/actionpack/lib/action_controller/cgi_process.rb:168:in `stale_session_check!'
    /home/andrew/Desktop/fulltryruby/tryruby/vendor/rails/actionpack/lib/action_controller/cgi_process.rb:116:in `session'
    /home/andrew/Desktop/fulltryruby/tryruby/vendor/rails/actionpack/lib/action_controller/base.rb:1135:in `assign_shortcuts_without_flash'
    /home/andrew/Desktop/fulltryruby/tryruby/vendor/rails/actionpack/lib/action_controller/flash.rb:166:in `assign_shortcuts'
    /home/andrew/Desktop/fulltryruby/tryruby/vendor/rails/actionpack/lib/action_controller/base.rb:523:in `process_without_filters'
    /home/andrew/Desktop/fulltryruby/tryruby/vendor/rails/actionpack/lib/action_controller/filters.rb:569:in `process_without_session_management_support'
    /home/andrew/Desktop/fulltryruby/tryruby/vendor/rails/actionpack/lib/action_controller/session_management.rb:130:in `process'
    /home/andrew/Desktop/fulltryruby/tryruby/vendor/rails/actionpack/lib/action_controller/base.rb:389:in `process'
    /home/andrew/Desktop/fulltryruby/tryruby/vendor/rails/actionpack/lib/action_controller/dispatcher.rb:149:in `handle_request'
    /home/andrew/Desktop/fulltryruby/tryruby/vendor/rails/actionpack/lib/action_controller/dispatcher.rb:107:in `dispatch'
    /home/andrew/Desktop/fulltryruby/tryruby/vendor/rails/actionpack/lib/action_controller/dispatcher.rb:104:in `synchronize'
    /home/andrew/Desktop/fulltryruby/tryruby/vendor/rails/actionpack/lib/action_controller/dispatcher.rb:104:in `dispatch'
    /home/andrew/Desktop/fulltryruby/tryruby/vendor/rails/actionpack/lib/action_controller/dispatcher.rb:120:in `dispatch_cgi'
    /home/andrew/Desktop/fulltryruby/tryruby/vendor/rails/actionpack/lib/action_controller/dispatcher.rb:35:in `dispatch'
    /var/lib/gems/1.8/gems/mongrel-1.1.5/bin/../lib/mongrel/rails.rb:76:in `process'
    /var/lib/gems/1.8/gems/mongrel-1.1.5/bin/../lib/mongrel/rails.rb:74:in `synchronize'
    /var/lib/gems/1.8/gems/mongrel-1.1.5/bin/../lib/mongrel/rails.rb:74:in `process'
    /var/lib/gems/1.8/gems/mongrel-1.1.5/lib/mongrel.rb:159:in `process_client'
    /var/lib/gems/1.8/gems/mongrel-1.1.5/lib/mongrel.rb:158:in `each'
    /var/lib/gems/1.8/gems/mongrel-1.1.5/lib/mongrel.rb:158:in `process_client'
    /var/lib/gems/1.8/gems/mongrel-1.1.5/lib/mongrel.rb:285:in `run'
    /var/lib/gems/1.8/gems/mongrel-1.1.5/lib/mongrel.rb:285:in `initialize'
    /var/lib/gems/1.8/gems/mongrel-1.1.5/lib/mongrel.rb:285:in `new'
    /var/lib/gems/1.8/gems/mongrel-1.1.5/lib/mongrel.rb:285:in `run'
    /var/lib/gems/1.8/gems/mongrel-1.1.5/lib/mongrel.rb:268:in `initialize'
    /var/lib/gems/1.8/gems/mongrel-1.1.5/lib/mongrel.rb:268:in `new'
    /var/lib/gems/1.8/gems/mongrel-1.1.5/lib/mongrel.rb:268:in `run'
    /var/lib/gems/1.8/gems/mongrel-1.1.5/lib/mongrel/configurator.rb:282:in `run'
    /var/lib/gems/1.8/gems/mongrel-1.1.5/lib/mongrel/configurator.rb:281:in `each'
    /var/lib/gems/1.8/gems/mongrel-1.1.5/lib/mongrel/configurator.rb:281:in `run'
    /var/lib/gems/1.8/gems/mongrel-1.1.5/bin/mongrel_rails:128:in `run'
    /var/lib/gems/1.8/gems/mongrel-1.1.5/lib/mongrel/command.rb:212:in `run'
    /var/lib/gems/1.8/gems/mongrel-1.1.5/bin/mongrel_rails:281
    /home/andrew/Desktop/fulltryruby/tryruby/vendor/rails/activesupport/lib/active_support/dependencies.rb:502:in `load'
    /home/andrew/Desktop/fulltryruby/tryruby/vendor/rails/activesupport/lib/active_support/dependencies.rb:502:in `load'
    /home/andrew/Desktop/fulltryruby/tryruby/vendor/rails/activesupport/lib/active_support/dependencies.rb:354:in `new_constants_in'
    /home/andrew/Desktop/fulltryruby/tryruby/vendor/rails/activesupport/lib/active_support/dependencies.rb:502:in `load'
    /home/andrew/Desktop/fulltryruby/tryruby/vendor/rails/railties/lib/commands/servers/mongrel.rb:64
    /usr/lib/ruby/1.8/rubygems/custom_require.rb:31:in `gem_original_require'
    /usr/lib/ruby/1.8/rubygems/custom_require.rb:31:in `require'
    /home/andrew/Desktop/fulltryruby/tryruby/vendor/rails/activesupport/lib/active_support/dependencies.rb:509:in `require'
    /home/andrew/Desktop/fulltryruby/tryruby/vendor/rails/activesupport/lib/active_support/dependencies.rb:354:in `new_constants_in'
    /home/andrew/Desktop/fulltryruby/tryruby/vendor/rails/activesupport/lib/active_support/dependencies.rb:509:in `require'
    /home/andrew/Desktop/fulltryruby/tryruby/vendor/rails/railties/lib/commands/server.rb:39
    /usr/lib/ruby/1.8/rubygems/custom_require.rb:31:in `gem_original_require'
    /usr/lib/ruby/1.8/rubygems/custom_require.rb:31:in `require'
    script/server:3
/!\ FAILSAFE /!\  Sat Aug 22 22:16:45 -0500 2009
  Status: 500 Internal Server Error
  A secret is required to generate an integrity hash for cookie session data. Use config.action_controller.session = { :session_key => "_myapp_session", :secret => "some secret phrase of at least 30 characters" } in config/environment.rb
    /home/andrew/Desktop/fulltryruby/tryruby/vendor/rails/actionpack/lib/action_controller/session/cookie_store.rb:90:in `ensure_secret_secure'
    /home/andrew/Desktop/fulltryruby/tryruby/vendor/rails/actionpack/lib/action_controller/session/cookie_store.rb:59:in `initialize'
    /usr/lib/ruby/1.8/cgi/session.rb:279:in `new'
    /usr/lib/ruby/1.8/cgi/session.rb:279:in `initialize_without_cgi_reader'
    /home/andrew/Desktop/fulltryruby/tryruby/vendor/rails/actionpack/lib/action_controller/cgi_ext/session.rb:39:in `initialize'
    /home/andrew/Desktop/fulltryruby/tryruby/vendor/rails/actionpack/lib/action_controller/cgi_process.rb:132:in `new'
    /home/andrew/Desktop/fulltryruby/tryruby/vendor/rails/actionpack/lib/action_controller/cgi_process.rb:132:in `session'
    /home/andrew/Desktop/fulltryruby/tryruby/vendor/rails/actionpack/lib/action_controller/cgi_process.rb:168:in `stale_session_check!'
    /home/andrew/Desktop/fulltryruby/tryruby/vendor/rails/actionpack/lib/action_controller/cgi_process.rb:116:in `session'
    /home/andrew/Desktop/fulltryruby/tryruby/vendor/rails/actionpack/lib/action_controller/base.rb:1135:in `assign_shortcuts_without_flash'
    /home/andrew/Desktop/fulltryruby/tryruby/vendor/rails/actionpack/lib/action_controller/flash.rb:166:in `assign_shortcuts'
    /home/andrew/Desktop/fulltryruby/tryruby/vendor/rails/actionpack/lib/action_controller/base.rb:523:in `process_without_filters'
    /home/andrew/Desktop/fulltryruby/tryruby/vendor/rails/actionpack/lib/action_controller/filters.rb:569:in `process_without_session_management_support'
    /home/andrew/Desktop/fulltryruby/tryruby/vendor/rails/actionpack/lib/action_controller/session_management.rb:130:in `process'
    /home/andrew/Desktop/fulltryruby/tryruby/vendor/rails/actionpack/lib/action_controller/base.rb:389:in `process'
    /home/andrew/Desktop/fulltryruby/tryruby/vendor/rails/actionpack/lib/action_controller/dispatcher.rb:149:in `handle_request'
    /home/andrew/Desktop/fulltryruby/tryruby/vendor/rails/actionpack/lib/action_controller/dispatcher.rb:107:in `dispatch'
    /home/andrew/Desktop/fulltryruby/tryruby/vendor/rails/actionpack/lib/action_controller/dispatcher.rb:104:in `synchronize'
    /home/andrew/Desktop/fulltryruby/tryruby/vendor/rails/actionpack/lib/action_controller/dispatcher.rb:104:in `dispatch'
    /home/andrew/Desktop/fulltryruby/tryruby/vendor/rails/actionpack/lib/action_controller/dispatcher.rb:120:in `dispatch_cgi'
    /home/andrew/Desktop/fulltryruby/tryruby/vendor/rails/actionpack/lib/action_controller/dispatcher.rb:35:in `dispatch'
    /var/lib/gems/1.8/gems/mongrel-1.1.5/bin/../lib/mongrel/rails.rb:76:in `process'
    /var/lib/gems/1.8/gems/mongrel-1.1.5/bin/../lib/mongrel/rails.rb:74:in `synchronize'
    /var/lib/gems/1.8/gems/mongrel-1.1.5/bin/../lib/mongrel/rails.rb:74:in `process'
    /var/lib/gems/1.8/gems/mongrel-1.1.5/lib/mongrel.rb:159:in `process_client'
    /var/lib/gems/1.8/gems/mongrel-1.1.5/lib/mongrel.rb:158:in `each'
    /var/lib/gems/1.8/gems/mongrel-1.1.5/lib/mongrel.rb:158:in `process_client'
    /var/lib/gems/1.8/gems/mongrel-1.1.5/lib/mongrel.rb:285:in `run'
    /var/lib/gems/1.8/gems/mongrel-1.1.5/lib/mongrel.rb:285:in `initialize'
    /var/lib/gems/1.8/gems/mongrel-1.1.5/lib/mongrel.rb:285:in `new'
    /var/lib/gems/1.8/gems/mongrel-1.1.5/lib/mongrel.rb:285:in `run'
    /var/lib/gems/1.8/gems/mongrel-1.1.5/lib/mongrel.rb:268:in `initialize'
    /var/lib/gems/1.8/gems/mongrel-1.1.5/lib/mongrel.rb:268:in `new'
    /var/lib/gems/1.8/gems/mongrel-1.1.5/lib/mongrel.rb:268:in `run'
    /var/lib/gems/1.8/gems/mongrel-1.1.5/lib/mongrel/configurator.rb:282:in `run'
    /var/lib/gems/1.8/gems/mongrel-1.1.5/lib/mongrel/configurator.rb:281:in `each'
    /var/lib/gems/1.8/gems/mongrel-1.1.5/lib/mongrel/configurator.rb:281:in `run'
    /var/lib/gems/1.8/gems/mongrel-1.1.5/bin/mongrel_rails:128:in `run'
    /var/lib/gems/1.8/gems/mongrel-1.1.5/lib/mongrel/command.rb:212:in `run'
    /var/lib/gems/1.8/gems/mongrel-1.1.5/bin/mongrel_rails:281
    /home/andrew/Desktop/fulltryruby/tryruby/vendor/rails/activesupport/lib/active_support/dependencies.rb:502:in `load'
    /home/andrew/Desktop/fulltryruby/tryruby/vendor/rails/activesupport/lib/active_support/dependencies.rb:502:in `load'
    /home/andrew/Desktop/fulltryruby/tryruby/vendor/rails/activesupport/lib/active_support/dependencies.rb:354:in `new_constants_in'
    /home/andrew/Desktop/fulltryruby/tryruby/vendor/rails/activesupport/lib/active_support/dependencies.rb:502:in `load'
    /home/andrew/Desktop/fulltryruby/tryruby/vendor/rails/railties/lib/commands/servers/mongrel.rb:64
    /usr/lib/ruby/1.8/rubygems/custom_require.rb:31:in `gem_original_require'
    /usr/lib/ruby/1.8/rubygems/custom_require.rb:31:in `require'
    /home/andrew/Desktop/fulltryruby/tryruby/vendor/rails/activesupport/lib/active_support/dependencies.rb:509:in `require'
    /home/andrew/Desktop/fulltryruby/tryruby/vendor/rails/activesupport/lib/active_support/dependencies.rb:354:in `new_constants_in'
    /home/andrew/Desktop/fulltryruby/tryruby/vendor/rails/activesupport/lib/active_support/dependencies.rb:509:in `require'
    /home/andrew/Desktop/fulltryruby/tryruby/vendor/rails/railties/lib/commands/server.rb:39
    /usr/lib/ruby/1.8/rubygems/custom_require.rb:31:in `gem_original_require'
    /usr/lib/ruby/1.8/rubygems/custom_require.rb:31:in `require'
    script/server:3


Processing IndexController#index (for 127.0.0.1 at 2009-08-22 22:17:25) [GET]
  Session ID: BAh7BzoMY3NyZl9pZCIlZjY2OTllMjFiMzM1YWRkOTAzN2E5YzQyNmE5NmRj
MmQiCmZsYXNoSUM6J0FjdGlvbkNvbnRyb2xsZXI6OkZsYXNoOjpGbGFzaEhh
c2h7AAY6CkB1c2VkewA=--45b1cdddb096634d329c635055cc07158d3221d6
  Parameters: {"action"=>"index", "controller"=>"index"}
Rendering template within layouts/index
Rendering index/index
Completed in 0.03589 (27 reqs/sec) | Rendering: 0.02479 (69%) | DB: 0.00000 (0%) | 200 OK [http://localhost/index]


Processing ApplicationController#index (for 127.0.0.1 at 2009-08-22 22:17:26) [GET]
  Session ID: BAh7BzoMY3NyZl9pZCIlZjY2OTllMjFiMzM1YWRkOTAzN2E5YzQyNmE5NmRj
MmQiCmZsYXNoSUM6J0FjdGlvbkNvbnRyb2xsZXI6OkZsYXNoOjpGbGFzaEhh
c2h7AAY6CkB1c2VkewA=--45b1cdddb096634d329c635055cc07158d3221d6
  Parameters: {}


ActionController::RoutingError (No route matches "/images/tile.png" with {:method=>:get}):
    /vendor/rails/actionpack/lib/action_controller/routing/recognition_optimisation.rb:67:in `recognize_path'
    /vendor/rails/actionpack/lib/action_controller/routing/route_set.rb:384:in `recognize'
    /vendor/rails/actionpack/lib/action_controller/dispatcher.rb:148:in `handle_request'
    /vendor/rails/actionpack/lib/action_controller/dispatcher.rb:107:in `dispatch'
    /vendor/rails/actionpack/lib/action_controller/dispatcher.rb:104:in `synchronize'
    /vendor/rails/actionpack/lib/action_controller/dispatcher.rb:104:in `dispatch'
    /vendor/rails/actionpack/lib/action_controller/dispatcher.rb:120:in `dispatch_cgi'
    /vendor/rails/actionpack/lib/action_controller/dispatcher.rb:35:in `dispatch'
    /var/lib/gems/1.8/gems/mongrel-1.1.5/bin/../lib/mongrel/rails.rb:76:in `process'
    /var/lib/gems/1.8/gems/mongrel-1.1.5/bin/../lib/mongrel/rails.rb:74:in `synchronize'
    /var/lib/gems/1.8/gems/mongrel-1.1.5/bin/../lib/mongrel/rails.rb:74:in `process'
    /var/lib/gems/1.8/gems/mongrel-1.1.5/lib/mongrel.rb:159:in `process_client'
    /var/lib/gems/1.8/gems/mongrel-1.1.5/lib/mongrel.rb:158:in `each'
    /var/lib/gems/1.8/gems/mongrel-1.1.5/lib/mongrel.rb:158:in `process_client'
    /var/lib/gems/1.8/gems/mongrel-1.1.5/lib/mongrel.rb:285:in `run'
    /var/lib/gems/1.8/gems/mongrel-1.1.5/lib/mongrel.rb:285:in `initialize'
    /var/lib/gems/1.8/gems/mongrel-1.1.5/lib/mongrel.rb:285:in `new'
    /var/lib/gems/1.8/gems/mongrel-1.1.5/lib/mongrel.rb:285:in `run'
    /var/lib/gems/1.8/gems/mongrel-1.1.5/lib/mongrel.rb:268:in `initialize'
    /var/lib/gems/1.8/gems/mongrel-1.1.5/lib/mongrel.rb:268:in `new'
    /var/lib/gems/1.8/gems/mongrel-1.1.5/lib/mongrel.rb:268:in `run'
    /var/lib/gems/1.8/gems/mongrel-1.1.5/lib/mongrel/configurator.rb:282:in `run'
    /var/lib/gems/1.8/gems/mongrel-1.1.5/lib/mongrel/configurator.rb:281:in `each'
    /var/lib/gems/1.8/gems/mongrel-1.1.5/lib/mongrel/configurator.rb:281:in `run'
    /var/lib/gems/1.8/gems/mongrel-1.1.5/bin/mongrel_rails:128:in `run'
    /var/lib/gems/1.8/gems/mongrel-1.1.5/lib/mongrel/command.rb:212:in `run'
    /var/lib/gems/1.8/gems/mongrel-1.1.5/bin/mongrel_rails:281
    /vendor/rails/activesupport/lib/active_support/dependencies.rb:502:in `load'
    /vendor/rails/activesupport/lib/active_support/dependencies.rb:502:in `load'
    /vendor/rails/activesupport/lib/active_support/dependencies.rb:354:in `new_constants_in'
    /vendor/rails/activesupport/lib/active_support/dependencies.rb:502:in `load'
    /vendor/rails/railties/lib/commands/servers/mongrel.rb:64
    /usr/lib/ruby/1.8/rubygems/custom_require.rb:31:in `gem_original_require'
    /usr/lib/ruby/1.8/rubygems/custom_require.rb:31:in `require'
    /vendor/rails/activesupport/lib/active_support/dependencies.rb:509:in `require'
    /vendor/rails/activesupport/lib/active_support/dependencies.rb:354:in `new_constants_in'
    /vendor/rails/activesupport/lib/active_support/dependencies.rb:509:in `require'
    /vendor/rails/railties/lib/commands/server.rb:39
    /usr/lib/ruby/1.8/rubygems/custom_require.rb:31:in `gem_original_require'
    /usr/lib/ruby/1.8/rubygems/custom_require.rb:31:in `require'
    script/server:3

Rendering /home/andrew/Desktop/fulltryruby/tryruby/vendor/rails/actionpack/lib/action_controller/templates/rescues/layout.erb (not_found)


Processing ApplicationController#index (for 127.0.0.1 at 2009-08-22 22:17:26) [GET]
  Session ID: BAh7BzoMY3NyZl9pZCIlZjY2OTllMjFiMzM1YWRkOTAzN2E5YzQyNmE5NmRj
MmQiCmZsYXNoSUM6J0FjdGlvbkNvbnRyb2xsZXI6OkZsYXNoOjpGbGFzaEhh
c2h7AAY6CkB1c2VkewA=--45b1cdddb096634d329c635055cc07158d3221d6
  Parameters: {}


ActionController::RoutingError (No route matches "/tutorials/intro.html" with {:method=>:get}):
    /vendor/rails/actionpack/lib/action_controller/routing/recognition_optimisation.rb:67:in `recognize_path'
    /vendor/rails/actionpack/lib/action_controller/routing/route_set.rb:384:in `recognize'
    /vendor/rails/actionpack/lib/action_controller/dispatcher.rb:148:in `handle_request'
    /vendor/rails/actionpack/lib/action_controller/dispatcher.rb:107:in `dispatch'
    /vendor/rails/actionpack/lib/action_controller/dispatcher.rb:104:in `synchronize'
    /vendor/rails/actionpack/lib/action_controller/dispatcher.rb:104:in `dispatch'
    /vendor/rails/actionpack/lib/action_controller/dispatcher.rb:120:in `dispatch_cgi'
    /vendor/rails/actionpack/lib/action_controller/dispatcher.rb:35:in `dispatch'
    /var/lib/gems/1.8/gems/mongrel-1.1.5/bin/../lib/mongrel/rails.rb:76:in `process'
    /var/lib/gems/1.8/gems/mongrel-1.1.5/bin/../lib/mongrel/rails.rb:74:in `synchronize'
    /var/lib/gems/1.8/gems/mongrel-1.1.5/bin/../lib/mongrel/rails.rb:74:in `process'
    /var/lib/gems/1.8/gems/mongrel-1.1.5/lib/mongrel.rb:159:in `process_client'
    /var/lib/gems/1.8/gems/mongrel-1.1.5/lib/mongrel.rb:158:in `each'
    /var/lib/gems/1.8/gems/mongrel-1.1.5/lib/mongrel.rb:158:in `process_client'
    /var/lib/gems/1.8/gems/mongrel-1.1.5/lib/mongrel.rb:285:in `run'
    /var/lib/gems/1.8/gems/mongrel-1.1.5/lib/mongrel.rb:285:in `initialize'
    /var/lib/gems/1.8/gems/mongrel-1.1.5/lib/mongrel.rb:285:in `new'
    /var/lib/gems/1.8/gems/mongrel-1.1.5/lib/mongrel.rb:285:in `run'
    /var/lib/gems/1.8/gems/mongrel-1.1.5/lib/mongrel.rb:268:in `initialize'
    /var/lib/gems/1.8/gems/mongrel-1.1.5/lib/mongrel.rb:268:in `new'
    /var/lib/gems/1.8/gems/mongrel-1.1.5/lib/mongrel.rb:268:in `run'
    /var/lib/gems/1.8/gems/mongrel-1.1.5/lib/mongrel/configurator.rb:282:in `run'
    /var/lib/gems/1.8/gems/mongrel-1.1.5/lib/mongrel/configurator.rb:281:in `each'
    /var/lib/gems/1.8/gems/mongrel-1.1.5/lib/mongrel/configurator.rb:281:in `run'
    /var/lib/gems/1.8/gems/mongrel-1.1.5/bin/mongrel_rails:128:in `run'
    /var/lib/gems/1.8/gems/mongrel-1.1.5/lib/mongrel/command.rb:212:in `run'
    /var/lib/gems/1.8/gems/mongrel-1.1.5/bin/mongrel_rails:281
    /vendor/rails/activesupport/lib/active_support/dependencies.rb:502:in `load'
    /vendor/rails/activesupport/lib/active_support/dependencies.rb:502:in `load'
    /vendor/rails/activesupport/lib/active_support/dependencies.rb:354:in `new_constants_in'
    /vendor/rails/activesupport/lib/active_support/dependencies.rb:502:in `load'
    /vendor/rails/railties/lib/commands/servers/mongrel.rb:64
    /usr/lib/ruby/1.8/rubygems/custom_require.rb:31:in `gem_original_require'
    /usr/lib/ruby/1.8/rubygems/custom_require.rb:31:in `require'
    /vendor/rails/activesupport/lib/active_support/dependencies.rb:509:in `require'
    /vendor/rails/activesupport/lib/active_support/dependencies.rb:354:in `new_constants_in'
    /vendor/rails/activesupport/lib/active_support/dependencies.rb:509:in `require'
    /vendor/rails/railties/lib/commands/server.rb:39
    /usr/lib/ruby/1.8/rubygems/custom_require.rb:31:in `gem_original_require'
    /usr/lib/ruby/1.8/rubygems/custom_require.rb:31:in `require'
    script/server:3

Rendering /home/andrew/Desktop/fulltryruby/tryruby/vendor/rails/actionpack/lib/action_controller/templates/rescues/layout.erb (not_found)


Processing IrbController#index (for 127.0.0.1 at 2009-08-22 22:17:30) [POST]
  Session ID: BAh7BzoMY3NyZl9pZCIlZjY2OTllMjFiMzM1YWRkOTAzN2E5YzQyNmE5NmRj
MmQiCmZsYXNoSUM6J0FjdGlvbkNvbnRyb2xsZXI6OkZsYXNoOjpGbGFzaEhh
c2h7AAY6CkB1c2VkewA=--45b1cdddb096634d329c635055cc07158d3221d6
  Parameters: {"cmd"=>"!INIT!IRB!", "action"=>"index", "controller"=>"irb"}


ActionController::InvalidAuthenticityToken (ActionController::InvalidAuthenticityToken):
    /vendor/rails/actionpack/lib/action_controller/request_forgery_protection.rb:86:in `verify_authenticity_token'
    /vendor/rails/activesupport/lib/active_support/callbacks.rb:173:in `send'
    /vendor/rails/activesupport/lib/active_support/callbacks.rb:173:in `evaluate_method'
    /vendor/rails/activesupport/lib/active_support/callbacks.rb:161:in `call'
    /vendor/rails/actionpack/lib/action_controller/filters.rb:430:in `call'
    /vendor/rails/actionpack/lib/action_controller/filters.rb:592:in `run_before_filters'
    /vendor/rails/actionpack/lib/action_controller/filters.rb:578:in `call_filters'
    /vendor/rails/actionpack/lib/action_controller/filters.rb:573:in `perform_action_without_benchmark'
    /vendor/rails/actionpack/lib/action_controller/benchmarking.rb:68:in `perform_action_without_rescue'
    /usr/lib/ruby/1.8/benchmark.rb:293:in `measure'
    /vendor/rails/actionpack/lib/action_controller/benchmarking.rb:68:in `perform_action_without_rescue'
    /vendor/rails/actionpack/lib/action_controller/rescue.rb:201:in `perform_action_without_caching'
    /vendor/rails/actionpack/lib/action_controller/caching/sql_cache.rb:13:in `perform_action'
    /vendor/rails/activerecord/lib/active_record/connection_adapters/abstract/query_cache.rb:33:in `cache'
    /vendor/rails/activerecord/lib/active_record/query_cache.rb:8:in `cache'
    /vendor/rails/actionpack/lib/action_controller/caching/sql_cache.rb:12:in `perform_action'
    /vendor/rails/actionpack/lib/action_controller/base.rb:529:in `send'
    /vendor/rails/actionpack/lib/action_controller/base.rb:529:in `process_without_filters'
    /vendor/rails/actionpack/lib/action_controller/filters.rb:569:in `process_without_session_management_support'
    /vendor/rails/actionpack/lib/action_controller/session_management.rb:130:in `process'
    /vendor/rails/actionpack/lib/action_controller/base.rb:389:in `process'
    /vendor/rails/actionpack/lib/action_controller/dispatcher.rb:149:in `handle_request'
    /vendor/rails/actionpack/lib/action_controller/dispatcher.rb:107:in `dispatch'
    /vendor/rails/actionpack/lib/action_controller/dispatcher.rb:104:in `synchronize'
    /vendor/rails/actionpack/lib/action_controller/dispatcher.rb:104:in `dispatch'
    /vendor/rails/actionpack/lib/action_controller/dispatcher.rb:120:in `dispatch_cgi'
    /vendor/rails/actionpack/lib/action_controller/dispatcher.rb:35:in `dispatch'
    /var/lib/gems/1.8/gems/mongrel-1.1.5/bin/../lib/mongrel/rails.rb:76:in `process'
    /var/lib/gems/1.8/gems/mongrel-1.1.5/bin/../lib/mongrel/rails.rb:74:in `synchronize'
    /var/lib/gems/1.8/gems/mongrel-1.1.5/bin/../lib/mongrel/rails.rb:74:in `process'
    /var/lib/gems/1.8/gems/mongrel-1.1.5/lib/mongrel.rb:159:in `process_client'
    /var/lib/gems/1.8/gems/mongrel-1.1.5/lib/mongrel.rb:158:in `each'
    /var/lib/gems/1.8/gems/mongrel-1.1.5/lib/mongrel.rb:158:in `process_client'
    /var/lib/gems/1.8/gems/mongrel-1.1.5/lib/mongrel.rb:285:in `run'
    /var/lib/gems/1.8/gems/mongrel-1.1.5/lib/mongrel.rb:285:in `initialize'
    /var/lib/gems/1.8/gems/mongrel-1.1.5/lib/mongrel.rb:285:in `new'
    /var/lib/gems/1.8/gems/mongrel-1.1.5/lib/mongrel.rb:285:in `run'
    /var/lib/gems/1.8/gems/mongrel-1.1.5/lib/mongrel.rb:268:in `initialize'
    /var/lib/gems/1.8/gems/mongrel-1.1.5/lib/mongrel.rb:268:in `new'
    /var/lib/gems/1.8/gems/mongrel-1.1.5/lib/mongrel.rb:268:in `run'
    /var/lib/gems/1.8/gems/mongrel-1.1.5/lib/mongrel/configurator.rb:282:in `run'
    /var/lib/gems/1.8/gems/mongrel-1.1.5/lib/mongrel/configurator.rb:281:in `each'
    /var/lib/gems/1.8/gems/mongrel-1.1.5/lib/mongrel/configurator.rb:281:in `run'
    /var/lib/gems/1.8/gems/mongrel-1.1.5/bin/mongrel_rails:128:in `run'
    /var/lib/gems/1.8/gems/mongrel-1.1.5/lib/mongrel/command.rb:212:in `run'
    /var/lib/gems/1.8/gems/mongrel-1.1.5/bin/mongrel_rails:281
    /vendor/rails/activesupport/lib/active_support/dependencies.rb:502:in `load'
    /vendor/rails/activesupport/lib/active_support/dependencies.rb:502:in `load'
    /vendor/rails/activesupport/lib/active_support/dependencies.rb:354:in `new_constants_in'
    /vendor/rails/activesupport/lib/active_support/dependencies.rb:502:in `load'
    /vendor/rails/railties/lib/commands/servers/mongrel.rb:64
    /usr/lib/ruby/1.8/rubygems/custom_require.rb:31:in `gem_original_require'
    /usr/lib/ruby/1.8/rubygems/custom_require.rb:31:in `require'
    /vendor/rails/activesupport/lib/active_support/dependencies.rb:509:in `require'
    /vendor/rails/activesupport/lib/active_support/dependencies.rb:354:in `new_constants_in'
    /vendor/rails/activesupport/lib/active_support/dependencies.rb:509:in `require'
    /vendor/rails/railties/lib/commands/server.rb:39
    /usr/lib/ruby/1.8/rubygems/custom_require.rb:31:in `gem_original_require'
    /usr/lib/ruby/1.8/rubygems/custom_require.rb:31:in `require'
    script/server:3

Rendering /home/andrew/Desktop/fulltryruby/tryruby/vendor/rails/actionpack/lib/action_controller/templates/rescues/layout.erb (unprocessable_entity)


Processing IrbController#index (for 127.0.0.1 at 2009-08-22 22:17:30) [POST]
  Session ID: BAh7BzoMY3NyZl9pZCIlZjY2OTllMjFiMzM1YWRkOTAzN2E5YzQyNmE5NmRj
MmQiCmZsYXNoSUM6J0FjdGlvbkNvbnRyb2xsZXI6OkZsYXNoOjpGbGFzaEhh
c2h7AAY6CkB1c2VkewA=--45b1cdddb096634d329c635055cc07158d3221d6
  Parameters: {"cmd"=>"2 + 2", "action"=>"index", "controller"=>"irb"}


ActionController::InvalidAuthenticityToken (ActionController::InvalidAuthenticityToken):
    /vendor/rails/actionpack/lib/action_controller/request_forgery_protection.rb:86:in `verify_authenticity_token'
    /vendor/rails/activesupport/lib/active_support/callbacks.rb:173:in `send'
    /vendor/rails/activesupport/lib/active_support/callbacks.rb:173:in `evaluate_method'
    /vendor/rails/activesupport/lib/active_support/callbacks.rb:161:in `call'
    /vendor/rails/actionpack/lib/action_controller/filters.rb:430:in `call'
    /vendor/rails/actionpack/lib/action_controller/filters.rb:592:in `run_before_filters'
    /vendor/rails/actionpack/lib/action_controller/filters.rb:578:in `call_filters'
    /vendor/rails/actionpack/lib/action_controller/filters.rb:573:in `perform_action_without_benchmark'
    /vendor/rails/actionpack/lib/action_controller/benchmarking.rb:68:in `perform_action_without_rescue'
    /usr/lib/ruby/1.8/benchmark.rb:293:in `measure'
    /vendor/rails/actionpack/lib/action_controller/benchmarking.rb:68:in `perform_action_without_rescue'
    /vendor/rails/actionpack/lib/action_controller/rescue.rb:201:in `perform_action_without_caching'
    /vendor/rails/actionpack/lib/action_controller/caching/sql_cache.rb:13:in `perform_action'
    /vendor/rails/activerecord/lib/active_record/connection_adapters/abstract/query_cache.rb:33:in `cache'
    /vendor/rails/activerecord/lib/active_record/query_cache.rb:8:in `cache'
    /vendor/rails/actionpack/lib/action_controller/caching/sql_cache.rb:12:in `perform_action'
    /vendor/rails/actionpack/lib/action_controller/base.rb:529:in `send'
    /vendor/rails/actionpack/lib/action_controller/base.rb:529:in `process_without_filters'
    /vendor/rails/actionpack/lib/action_controller/filters.rb:569:in `process_without_session_management_support'
    /vendor/rails/actionpack/lib/action_controller/session_management.rb:130:in `process'
    /vendor/rails/actionpack/lib/action_controller/base.rb:389:in `process'
    /vendor/rails/actionpack/lib/action_controller/dispatcher.rb:149:in `handle_request'
    /vendor/rails/actionpack/lib/action_controller/dispatcher.rb:107:in `dispatch'
    /vendor/rails/actionpack/lib/action_controller/dispatcher.rb:104:in `synchronize'
    /vendor/rails/actionpack/lib/action_controller/dispatcher.rb:104:in `dispatch'
    /vendor/rails/actionpack/lib/action_controller/dispatcher.rb:120:in `dispatch_cgi'
    /vendor/rails/actionpack/lib/action_controller/dispatcher.rb:35:in `dispatch'
    /var/lib/gems/1.8/gems/mongrel-1.1.5/bin/../lib/mongrel/rails.rb:76:in `process'
    /var/lib/gems/1.8/gems/mongrel-1.1.5/bin/../lib/mongrel/rails.rb:74:in `synchronize'
    /var/lib/gems/1.8/gems/mongrel-1.1.5/bin/../lib/mongrel/rails.rb:74:in `process'
    /var/lib/gems/1.8/gems/mongrel-1.1.5/lib/mongrel.rb:159:in `process_client'
    /var/lib/gems/1.8/gems/mongrel-1.1.5/lib/mongrel.rb:158:in `each'
    /var/lib/gems/1.8/gems/mongrel-1.1.5/lib/mongrel.rb:158:in `process_client'
    /var/lib/gems/1.8/gems/mongrel-1.1.5/lib/mongrel.rb:285:in `run'
    /var/lib/gems/1.8/gems/mongrel-1.1.5/lib/mongrel.rb:285:in `initialize'
    /var/lib/gems/1.8/gems/mongrel-1.1.5/lib/mongrel.rb:285:in `new'
    /var/lib/gems/1.8/gems/mongrel-1.1.5/lib/mongrel.rb:285:in `run'
    /var/lib/gems/1.8/gems/mongrel-1.1.5/lib/mongrel.rb:268:in `initialize'
    /var/lib/gems/1.8/gems/mongrel-1.1.5/lib/mongrel.rb:268:in `new'
    /var/lib/gems/1.8/gems/mongrel-1.1.5/lib/mongrel.rb:268:in `run'
    /var/lib/gems/1.8/gems/mongrel-1.1.5/lib/mongrel/configurator.rb:282:in `run'
    /var/lib/gems/1.8/gems/mongrel-1.1.5/lib/mongrel/configurator.rb:281:in `each'
    /var/lib/gems/1.8/gems/mongrel-1.1.5/lib/mongrel/configurator.rb:281:in `run'
    /var/lib/gems/1.8/gems/mongrel-1.1.5/bin/mongrel_rails:128:in `run'
    /var/lib/gems/1.8/gems/mongrel-1.1.5/lib/mongrel/command.rb:212:in `run'
    /var/lib/gems/1.8/gems/mongrel-1.1.5/bin/mongrel_rails:281
    /vendor/rails/activesupport/lib/active_support/dependencies.rb:502:in `load'
    /vendor/rails/activesupport/lib/active_support/dependencies.rb:502:in `load'
    /vendor/rails/activesupport/lib/active_support/dependencies.rb:354:in `new_constants_in'
    /vendor/rails/activesupport/lib/active_support/dependencies.rb:502:in `load'
    /vendor/rails/railties/lib/commands/servers/mongrel.rb:64
    /usr/lib/ruby/1.8/rubygems/custom_require.rb:31:in `gem_original_require'
    /usr/lib/ruby/1.8/rubygems/custom_require.rb:31:in `require'
    /vendor/rails/activesupport/lib/active_support/dependencies.rb:509:in `require'
    /vendor/rails/activesupport/lib/active_support/dependencies.rb:354:in `new_constants_in'
    /vendor/rails/activesupport/lib/active_support/dependencies.rb:509:in `require'
    /vendor/rails/railties/lib/commands/server.rb:39
    /usr/lib/ruby/1.8/rubygems/custom_require.rb:31:in `gem_original_require'
    /usr/lib/ruby/1.8/rubygems/custom_require.rb:31:in `require'
    script/server:3

Rendering /home/andrew/Desktop/fulltryruby/tryruby/vendor/rails/actionpack/lib/action_controller/templates/rescues/layout.erb (unprocessable_entity)


Processing IrbController#index (for 127.0.0.1 at 2009-08-22 22:22:10) [POST]
  Session ID: BAh7BzoMY3NyZl9pZCIlZjY2OTllMjFiMzM1YWRkOTAzN2E5YzQyNmE5NmRj
MmQiCmZsYXNoSUM6J0FjdGlvbkNvbnRyb2xsZXI6OkZsYXNoOjpGbGFzaEhh
c2h7AAY6CkB1c2VkewA=--45b1cdddb096634d329c635055cc07158d3221d6
  Parameters: {"cmd"=>"2 + 2", "action"=>"index", "controller"=>"irb"}
Rendering irb/index
Completed in 0.00846 (118 reqs/sec) | Rendering: 0.00302 (35%) | DB: 0.00000 (0%) | 200 OK [http://localhost/irb]


Processing IrbController#index (for 127.0.0.1 at 2009-08-22 22:25:58) [POST]
  Session ID: BAh7BzoMY3NyZl9pZCIlZjY2OTllMjFiMzM1YWRkOTAzN2E5YzQyNmE5NmRj
MmQiCmZsYXNoSUM6J0FjdGlvbkNvbnRyb2xsZXI6OkZsYXNoOjpGbGFzaEhh
c2h7AAY6CkB1c2VkewA=--45b1cdddb096634d329c635055cc07158d3221d6
  Parameters: {"cmd"=>"3 + 4", "action"=>"index", "controller"=>"irb"}
Rendering irb/index
Completed in 0.00921 (108 reqs/sec) | Rendering: 0.00392 (42%) | DB: 0.00000 (0%) | 200 OK [http://localhost/irb]
